2009.12.01 13:06 B C:\BlowUp\BlowUpGL\Art.exe <-- cbs-mac-pro-4.secure /MacBookPro/BlowUp/BlowUpGL Art.exe
2009.12.01 13:06 B C:\BlowUp\BlowUpGL\Art2.exe <-- cbs-mac-pro-4.secure /MacBookPro/BlowUp/BlowUpGL Art2.exe
2009.12.01 13:06 B C:\BlowUp\BlowUpGL\Art2.zip <-- cbs-mac-pro-4.secure /MacBookPro/BlowUp/BlowUpGL Art2.zip
2009.12.01 13:06 B C:\BlowUp\BlowUpGL\AudioExtractorU.pas <-- cbs-mac-pro-4.secure /MacBookPro/BlowUp/BlowUpGL AudioExtractorU.pas
2009.12.01 13:06 B C:\BlowUp\BlowUpGL\AVTAccessLib_TLB.pas <-- cbs-mac-pro-4.secure /MacBookPro/BlowUp/BlowUpGL AVTAccessLib_TLB.pas
2009.12.01 13:06 B C:\BlowUp\BlowUpGL\AvtPropSetLib_TLB.dcu <-- cbs-mac-pro-4.secure /MacBookPro/BlowUp/BlowUpGL AvtPropSetLib_TLB.dcu
2009.12.01 13:06 B C:\BlowUp\BlowUpGL\AVTPropSetLib_TLB.pas <-- cbs-mac-pro-4.secure /MacBookPro/BlowUp/BlowUpGL AVTPropSetLib_TLB.pas
2009.12.01 13:06 B C:\BlowUp\BlowUpGL\AvtSetupFrmU.dcu <-- cbs-mac-pro-4.secure /MacBookPro/BlowUp/BlowUpGL AvtSetupFrmU.dcu
2009.12.01 13:06 B C:\BlowUp\BlowUpGL\AvtSetupFrmU.ddp <-- cbs-mac-pro-4.secure /MacBookPro/BlowUp/BlowUpGL AvtSetupFrmU.ddp
2009.12.01 13:06 B C:\BlowUp\BlowUpGL\AvtSetupFrmU.dfm <-- cbs-mac-pro-4.secure /MacBookPro/BlowUp/BlowUpGL AvtSetupFrmU.dfm
2009.12.01 13:06 B C:\BlowUp\BlowUpGL\AvtSetupFrmU.pas <-- cbs-mac-pro-4.secure /MacBookPro/BlowUp/BlowUpGL AvtSetupFrmU.pas
2009.12.01 13:06 B C:\BlowUp\BlowUpGL\AvtSetupFrmU.~ddp <-- cbs-mac-pro-4.secure /MacBookPro/BlowUp/BlowUpGL AvtSetupFrmU.~ddp
2009.12.01 13:06 B C:\BlowUp\BlowUpGL\AvtSetupFrmU.~dfm <-- cbs-mac-pro-4.secure /MacBookPro/BlowUp/BlowUpGL AvtSetupFrmU.~dfm
2009.12.01 13:06 B C:\BlowUp\BlowUpGL\AvtSetupFrmU.~pas <-- cbs-mac-pro-4.secure /MacBookPro/BlowUp/BlowUpGL AvtSetupFrmU.~pas
2009.12.01 13:06 B C:\BlowUp\BlowUpGL\AvtYuv800Lib_TLB.dcu <-- cbs-mac-pro-4.secure /MacBookPro/BlowUp/BlowUpGL AvtYuv800Lib_TLB.dcu
2009.12.01 13:06 B C:\BlowUp\BlowUpGL\AVTYUV800Lib_TLB.pas <-- cbs-mac-pro-4.secure /MacBookPro/BlowUp/BlowUpGL AVTYUV800Lib_TLB.pas
2009.12.01 13:06 B C:\BlowUp\BlowUpGL\BackGndFind.dcu <-- cbs-mac-pro-4.secure /MacBookPro/BlowUp/BlowUpGL BackGndFind.dcu
2009.12.01 13:06 B C:\BlowUp\BlowUpGL\BackGndFind.pas <-- cbs-mac-pro-4.secure /MacBookPro/BlowUp/BlowUpGL BackGndFind.pas
2009.12.01 13:06 B C:\BlowUp\BlowUpGL\BackGndFind.~pas <-- cbs-mac-pro-4.secure /MacBookPro/BlowUp/BlowUpGL BackGndFind.~pas
2009.12.01 13:06 B C:\BlowUp\BlowUpGL\BackGndFrmU.dfm <-- cbs-mac-pro-4.secure /MacBookPro/BlowUp/BlowUpGL BackGndFrmU.dfm
2009.12.01 13:06 B C:\BlowUp\BlowUpGL\BackGndFrmU.pas <-- cbs-mac-pro-4.secure /MacBookPro/BlowUp/BlowUpGL BackGndFrmU.pas
2009.12.01 13:06 B C:\BlowUp\BlowUpGL\Bitmap.dcu <-- cbs-mac-pro-4.secure /MacBookPro/BlowUp/BlowUpGL Bitmap.dcu
2009.12.01 13:06 B C:\BlowUp\BlowUpGL\bitmap.pas <-- cbs-mac-pro-4.secure /MacBookPro/BlowUp/BlowUpGL bitmap.pas
2009.12.01 13:06 B C:\BlowUp\BlowUpGL\BlobFind.dcu <-- cbs-mac-pro-4.secure /MacBookPro/BlowUp/BlowUpGL BlobFind.dcu
2009.12.01 13:06 B C:\BlowUp\BlowUpGL\BlobFind.pas <-- cbs-mac-pro-4.secure /MacBookPro/BlowUp/BlowUpGL BlobFind.pas
2009.12.01 13:06 B C:\BlowUp\BlowUpGL\BlobFind.~pas <-- cbs-mac-pro-4.secure /MacBookPro/BlowUp/BlowUpGL BlobFind.~pas
2009.12.01 13:06 B C:\BlowUp\BlowUpGL\BlowUp.cfg <-- cbs-mac-pro-4.secure /MacBookPro/BlowUp/BlowUpGL BlowUp.cfg
2009.12.01 13:06 B C:\BlowUp\BlowUpGL\BlowUp.dof <-- cbs-mac-pro-4.secure /MacBookPro/BlowUp/BlowUpGL BlowUp.dof
2009.12.01 13:06 B C:\BlowUp\BlowUpGL\BlowUp.dpr <-- cbs-mac-pro-4.secure /MacBookPro/BlowUp/BlowUpGL BlowUp.dpr
2009.12.01 13:06 B C:\BlowUp\BlowUpGL\BlowUp.dsk <-- cbs-mac-pro-4.secure /MacBookPro/BlowUp/BlowUpGL BlowUp.dsk
2009.12.01 13:06 B C:\BlowUp\BlowUpGL\BlowUp.res <-- cbs-mac-pro-4.secure /MacBookPro/BlowUp/BlowUpGL BlowUp.res
2009.12.01 13:06 B C:\BlowUp\BlowUpGL\BlowUp.~dpr <-- cbs-mac-pro-4.secure /MacBookPro/BlowUp/BlowUpGL BlowUp.~dpr
2009.12.01 13:06 B C:\BlowUp\BlowUpGL\BlowUp.~dsk <-- cbs-mac-pro-4.secure /MacBookPro/BlowUp/BlowUpGL BlowUp.~dsk
2009.12.01 13:06 B C:\BlowUp\BlowUpGL\BlowUp142.exe <-- cbs-mac-pro-4.secure /MacBookPro/BlowUp/BlowUpGL BlowUp142.exe
2009.12.01 13:06 B C:\BlowUp\BlowUpGL\BlowUp142.zip <-- cbs-mac-pro-4.secure /MacBookPro/BlowUp/BlowUpGL BlowUp142.zip
2009.12.01 13:06 B C:\BlowUp\BlowUpGL\BlowUp143.exe <-- cbs-mac-pro-4.secure /MacBookPro/BlowUp/BlowUpGL BlowUp143.exe
2009.12.01 13:06 B C:\BlowUp\BlowUpGL\BlowUp143.zip <-- cbs-mac-pro-4.secure /MacBookPro/BlowUp/BlowUpGL BlowUp143.zip
2009.12.01 13:06 B C:\BlowUp\BlowUpGL\BlowUp144.exe <-- cbs-mac-pro-4.secure /MacBookPro/BlowUp/BlowUpGL BlowUp144.exe
2009.12.01 13:06 B C:\BlowUp\BlowUpGL\BlowUp144.zip <-- cbs-mac-pro-4.secure /MacBookPro/BlowUp/BlowUpGL BlowUp144.zip
2009.12.01 13:06 B C:\BlowUp\BlowUpGL\BlowUp145.exe <-- cbs-mac-pro-4.secure /MacBookPro/BlowUp/BlowUpGL BlowUp145.exe
2009.12.01 13:06 B C:\BlowUp\BlowUpGL\BlowUp145.zip <-- cbs-mac-pro-4.secure /MacBookPro/BlowUp/BlowUpGL BlowUp145.zip
2009.12.01 13:06 B C:\BlowUp\BlowUpGL\BlowUpGL.cfg <-- cbs-mac-pro-4.secure /MacBookPro/BlowUp/BlowUpGL BlowUpGL.cfg
2009.12.01 13:06 B C:\BlowUp\BlowUpGL\BlowUpGL.dof <-- cbs-mac-pro-4.secure /MacBookPro/BlowUp/BlowUpGL BlowUpGL.dof
2009.12.01 13:06 B C:\BlowUp\BlowUpGL\BlowUpGL.dpr <-- cbs-mac-pro-4.secure /MacBookPro/BlowUp/BlowUpGL BlowUpGL.dpr
2009.12.01 13:06 B C:\BlowUp\BlowUpGL\BlowUpGL.dsk <-- cbs-mac-pro-4.secure /MacBookPro/BlowUp/BlowUpGL BlowUpGL.dsk
2009.12.01 13:06 B C:\BlowUp\BlowUpGL\BlowUpGL.exe <-- cbs-mac-pro-4.secure /MacBookPro/BlowUp/BlowUpGL BlowUpGL.exe
2009.12.01 13:06 B C:\BlowUp\BlowUpGL\BlowUpGL.res <-- cbs-mac-pro-4.secure /MacBookPro/BlowUp/BlowUpGL BlowUpGL.res
2009.12.01 13:06 B C:\BlowUp\BlowUpGL\BlowUpGL.~dpr <-- cbs-mac-pro-4.secure /MacBookPro/BlowUp/BlowUpGL BlowUpGL.~dpr
2009.12.01 13:06 B C:\BlowUp\BlowUpGL\BlowUpGL.~dsk <-- cbs-mac-pro-4.secure /MacBookPro/BlowUp/BlowUpGL BlowUpGL.~dsk
2009.12.01 13:06 B C:\BlowUp\BlowUpGL\BlowUpGL144.exe <-- cbs-mac-pro-4.secure /MacBookPro/BlowUp/BlowUpGL BlowUpGL144.exe
2009.12.01 13:06 B C:\BlowUp\BlowUpGL\BlowUpHelpFrmU.dcu <-- cbs-mac-pro-4.secure /MacBookPro/BlowUp/BlowUpGL BlowUpHelpFrmU.dcu
2009.12.01 13:06 B C:\BlowUp\BlowUpGL\BlowUpHelpFrmU.ddp <-- cbs-mac-pro-4.secure /MacBookPro/BlowUp/BlowUpGL BlowUpHelpFrmU.ddp
2009.12.01 13:06 B C:\BlowUp\BlowUpGL\BlowUpHelpFrmU.dfm <-- cbs-mac-pro-4.secure /MacBookPro/BlowUp/BlowUpGL BlowUpHelpFrmU.dfm
2009.12.01 13:06 B C:\BlowUp\BlowUpGL\BlowUpHelpFrmU.pas <-- cbs-mac-pro-4.secure /MacBookPro/BlowUp/BlowUpGL BlowUpHelpFrmU.pas
2009.12.01 13:06 B C:\BlowUp\BlowUpGL\BlowUpHelpFrmU.~ddp <-- cbs-mac-pro-4.secure /MacBookPro/BlowUp/BlowUpGL BlowUpHelpFrmU.~ddp
2009.12.01 13:06 B C:\BlowUp\BlowUpGL\BlowUpHelpFrmU.~dfm <-- cbs-mac-pro-4.secure /MacBookPro/BlowUp/BlowUpGL BlowUpHelpFrmU.~dfm
2009.12.01 13:06 B C:\BlowUp\BlowUpGL\BlowUpHelpFrmU.~pas <-- cbs-mac-pro-4.secure /MacBookPro/BlowUp/BlowUpGL BlowUpHelpFrmU.~pas
2009.12.01 13:06 B C:\BlowUp\BlowUpGL\BlowUpSetupFrm.dfm <-- cbs-mac-pro-4.secure /MacBookPro/BlowUp/BlowUpGL BlowUpSetupFrm.dfm
2009.12.01 13:06 B C:\BlowUp\BlowUpGL\BlowUpSetupFrm.pas <-- cbs-mac-pro-4.secure /MacBookPro/BlowUp/BlowUpGL BlowUpSetupFrm.pas
2009.12.01 13:06 B C:\BlowUp\BlowUpGL\BlowUpSetupFrmU.dfm <-- cbs-mac-pro-4.secure /MacBookPro/BlowUp/BlowUpGL BlowUpSetupFrmU.dfm
2009.12.01 13:06 B C:\BlowUp\BlowUpGL\BlowUpSetupFrmU.pas <-- cbs-mac-pro-4.secure /MacBookPro/BlowUp/BlowUpGL BlowUpSetupFrmU.pas
2009.12.01 13:06 B C:\BlowUp\BlowUpGL\BlowUpSetupFrmU.~dfm <-- cbs-mac-pro-4.secure /MacBookPro/BlowUp/BlowUpGL BlowUpSetupFrmU.~dfm
2009.12.01 13:06 B C:\BlowUp\BlowUpGL\BlowUpSetupFrmU.~pas <-- cbs-mac-pro-4.secure /MacBookPro/BlowUp/BlowUpGL BlowUpSetupFrmU.~pas
2009.12.01 13:06 B C:\BlowUp\BlowUpGL\BlowUpTestFrmU.dcu <-- cbs-mac-pro-4.secure /MacBookPro/BlowUp/BlowUpGL BlowUpTestFrmU.dcu
2009.12.01 13:06 B C:\BlowUp\BlowUpGL\BlowUpTestFrmU.ddp <-- cbs-mac-pro-4.secure /MacBookPro/BlowUp/BlowUpGL BlowUpTestFrmU.ddp
2009.12.01 13:06 B C:\BlowUp\BlowUpGL\BlowUpTestFrmU.dfm <-- cbs-mac-pro-4.secure /MacBookPro/BlowUp/BlowUpGL BlowUpTestFrmU.dfm
2009.12.01 13:06 B C:\BlowUp\BlowUpGL\BlowUpTestFrmU.pas <-- cbs-mac-pro-4.secure /MacBookPro/BlowUp/BlowUpGL BlowUpTestFrmU.pas
2009.12.01 13:06 B C:\BlowUp\BlowUpGL\BlowUpTestFrmU.~ddp <-- cbs-mac-pro-4.secure /MacBookPro/BlowUp/BlowUpGL BlowUpTestFrmU.~ddp
2009.12.01 13:06 B C:\BlowUp\BlowUpGL\BlowUpTestFrmU.~dfm <-- cbs-mac-pro-4.secure /MacBookPro/BlowUp/BlowUpGL BlowUpTestFrmU.~dfm
2009.12.01 13:06 B C:\BlowUp\BlowUpGL\BlowUpTestFrmU.~pas <-- cbs-mac-pro-4.secure /MacBookPro/BlowUp/BlowUpGL BlowUpTestFrmU.~pas
2009.12.01 13:06 B C:\BlowUp\BlowUpGL\BmpUtils.dcu <-- cbs-mac-pro-4.secure /MacBookPro/BlowUp/BlowUpGL BmpUtils.dcu
2009.12.01 13:06 B C:\BlowUp\BlowUpGL\BmpUtils.pas <-- cbs-mac-pro-4.secure /MacBookPro/BlowUp/BlowUpGL BmpUtils.pas
2009.12.01 13:06 B C:\BlowUp\BlowUpGL\BmpUtils.~pas <-- cbs-mac-pro-4.secure /MacBookPro/BlowUp/BlowUpGL BmpUtils.~pas
2009.12.01 13:06 B C:\BlowUp\BlowUpGL\BmpView.~ddp <-- cbs-mac-pro-4.secure /MacBookPro/BlowUp/BlowUpGL BmpView.~ddp
2009.12.01 13:06 B C:\BlowUp\BlowUpGL\CalibrateFrmU.dcu <-- cbs-mac-pro-4.secure /MacBookPro/BlowUp/BlowUpGL CalibrateFrmU.dcu
2009.12.01 13:06 B C:\BlowUp\BlowUpGL\CalibrateFrmU.dfm <-- cbs-mac-pro-4.secure /MacBookPro/BlowUp/BlowUpGL CalibrateFrmU.dfm
2009.12.01 13:06 B C:\BlowUp\BlowUpGL\CalibrateFrmU.pas <-- cbs-mac-pro-4.secure /MacBookPro/BlowUp/BlowUpGL CalibrateFrmU.pas
2009.12.01 13:06 B C:\BlowUp\BlowUpGL\CalWarningFrmU.dcu <-- cbs-mac-pro-4.secure /MacBookPro/BlowUp/BlowUpGL CalWarningFrmU.dcu
2009.12.01 13:06 B C:\BlowUp\BlowUpGL\CalWarningFrmU.ddp <-- cbs-mac-pro-4.secure /MacBookPro/BlowUp/BlowUpGL CalWarningFrmU.ddp
2009.12.01 13:06 B C:\BlowUp\BlowUpGL\CalWarningFrmU.dfm <-- cbs-mac-pro-4.secure /MacBookPro/BlowUp/BlowUpGL CalWarningFrmU.dfm
2009.12.01 13:06 B C:\BlowUp\BlowUpGL\CalWarningFrmU.pas <-- cbs-mac-pro-4.secure /MacBookPro/BlowUp/BlowUpGL CalWarningFrmU.pas
2009.12.01 13:06 B C:\BlowUp\BlowUpGL\CalWarningFrmU.~ddp <-- cbs-mac-pro-4.secure /MacBookPro/BlowUp/BlowUpGL CalWarningFrmU.~ddp
2009.12.01 13:06 B C:\BlowUp\BlowUpGL\CalWarningFrmU.~dfm <-- cbs-mac-pro-4.secure /MacBookPro/BlowUp/BlowUpGL CalWarningFrmU.~dfm
2009.12.01 13:06 B C:\BlowUp\BlowUpGL\CalWarningFrmU.~pas <-- cbs-mac-pro-4.secure /MacBookPro/BlowUp/BlowUpGL CalWarningFrmU.~pas
2009.12.01 13:06 B C:\BlowUp\BlowUpGL\CamBmp.bmp <-- cbs-mac-pro-4.secure /MacBookPro/BlowUp/BlowUpGL CamBmp.bmp
2009.12.01 13:06 B C:\BlowUp\BlowUpGL\Camera.bmp <-- cbs-mac-pro-4.secure /MacBookPro/BlowUp/BlowUpGL Camera.bmp
2009.12.01 13:06 B C:\BlowUp\BlowUpGL\CameraSettingsFrmU.dcu <-- cbs-mac-pro-4.secure /MacBookPro/BlowUp/BlowUpGL CameraSettingsFrmU.dcu
2009.12.01 13:06 B C:\BlowUp\BlowUpGL\CameraSettingsFrmU.ddp <-- cbs-mac-pro-4.secure /MacBookPro/BlowUp/BlowUpGL CameraSettingsFrmU.ddp
2009.12.01 13:06 B C:\BlowUp\BlowUpGL\CameraSettingsFrmU.dfm <-- cbs-mac-pro-4.secure /MacBookPro/BlowUp/BlowUpGL CameraSettingsFrmU.dfm
2009.12.01 13:06 B C:\BlowUp\BlowUpGL\CameraSettingsFrmU.pas <-- cbs-mac-pro-4.secure /MacBookPro/BlowUp/BlowUpGL CameraSettingsFrmU.pas
2009.12.01 13:06 B C:\BlowUp\BlowUpGL\CameraSettingsFrmU.~ddp <-- cbs-mac-pro-4.secure /MacBookPro/BlowUp/BlowUpGL CameraSettingsFrmU.~ddp
2009.12.01 13:06 B C:\BlowUp\BlowUpGL\CameraSettingsFrmU.~dfm <-- cbs-mac-pro-4.secure /MacBookPro/BlowUp/BlowUpGL CameraSettingsFrmU.~dfm
2009.12.01 13:06 B C:\BlowUp\BlowUpGL\CameraSettingsFrmU.~pas <-- cbs-mac-pro-4.secure /MacBookPro/BlowUp/BlowUpGL CameraSettingsFrmU.~pas
2009.12.01 13:06 B C:\BlowUp\BlowUpGL\CameraU.dcu <-- cbs-mac-pro-4.secure /MacBookPro/BlowUp/BlowUpGL CameraU.dcu
2009.12.01 13:06 B C:\BlowUp\BlowUpGL\CameraU.pas <-- cbs-mac-pro-4.secure /MacBookPro/BlowUp/BlowUpGL CameraU.pas
2009.12.01 13:06 B C:\BlowUp\BlowUpGL\CameraU.~pas <-- cbs-mac-pro-4.secure /MacBookPro/BlowUp/BlowUpGL CameraU.~pas
2009.12.01 13:06 B C:\BlowUp\BlowUpGL\CamSetupFrmU.dcu <-- cbs-mac-pro-4.secure /MacBookPro/BlowUp/BlowUpGL CamSetupFrmU.dcu
2009.12.01 13:06 B C:\BlowUp\BlowUpGL\CamSetupFrmU.ddp <-- cbs-mac-pro-4.secure /MacBookPro/BlowUp/BlowUpGL CamSetupFrmU.ddp
2009.12.01 13:06 B C:\BlowUp\BlowUpGL\CamSetupFrmU.dfm <-- cbs-mac-pro-4.secure /MacBookPro/BlowUp/BlowUpGL CamSetupFrmU.dfm
2009.12.01 13:06 B C:\BlowUp\BlowUpGL\CamSetupFrmU.pas <-- cbs-mac-pro-4.secure /MacBookPro/BlowUp/BlowUpGL CamSetupFrmU.pas
2009.12.01 13:06 B C:\BlowUp\BlowUpGL\CamSetupFrmU.~ddp <-- cbs-mac-pro-4.secure /MacBookPro/BlowUp/BlowUpGL CamSetupFrmU.~ddp
2009.12.01 13:06 B C:\BlowUp\BlowUpGL\CamSetupFrmU.~dfm <-- cbs-mac-pro-4.secure /MacBookPro/BlowUp/BlowUpGL CamSetupFrmU.~dfm
2009.12.01 13:06 B C:\BlowUp\BlowUpGL\CamSetupFrmU.~pas <-- cbs-mac-pro-4.secure /MacBookPro/BlowUp/BlowUpGL CamSetupFrmU.~pas
2009.12.01 13:06 B C:\BlowUp\BlowUpGL\CamTest.dpr <-- cbs-mac-pro-4.secure /MacBookPro/BlowUp/BlowUpGL CamTest.dpr
2009.12.01 13:06 B C:\BlowUp\BlowUpGL\CellTestFrmU.dcu <-- cbs-mac-pro-4.secure /MacBookPro/BlowUp/BlowUpGL CellTestFrmU.dcu
2009.12.01 13:06 B C:\BlowUp\BlowUpGL\CellTestFrmU.ddp <-- cbs-mac-pro-4.secure /MacBookPro/BlowUp/BlowUpGL CellTestFrmU.ddp
2009.12.01 13:06 B C:\BlowUp\BlowUpGL\CellTestFrmU.dfm <-- cbs-mac-pro-4.secure /MacBookPro/BlowUp/BlowUpGL CellTestFrmU.dfm
2009.12.01 13:06 B C:\BlowUp\BlowUpGL\CellTestFrmU.pas <-- cbs-mac-pro-4.secure /MacBookPro/BlowUp/BlowUpGL CellTestFrmU.pas
2009.12.01 13:06 B C:\BlowUp\BlowUpGL\CellTestFrmU.~ddp <-- cbs-mac-pro-4.secure /MacBookPro/BlowUp/BlowUpGL CellTestFrmU.~ddp
2009.12.01 13:06 B C:\BlowUp\BlowUpGL\CellTestFrmU.~dfm <-- cbs-mac-pro-4.secure /MacBookPro/BlowUp/BlowUpGL CellTestFrmU.~dfm
2009.12.01 13:06 B C:\BlowUp\BlowUpGL\CellTestFrmU.~pas <-- cbs-mac-pro-4.secure /MacBookPro/BlowUp/BlowUpGL CellTestFrmU.~pas
2009.12.01 13:06 B C:\BlowUp\BlowUpGL\CellTrackerU.dcu <-- cbs-mac-pro-4.secure /MacBookPro/BlowUp/BlowUpGL CellTrackerU.dcu
2009.12.01 13:06 B C:\BlowUp\BlowUpGL\CellTrackerU.pas <-- cbs-mac-pro-4.secure /MacBookPro/BlowUp/BlowUpGL CellTrackerU.pas
2009.12.01 13:06 B C:\BlowUp\BlowUpGL\CellTrackerU.~pas <-- cbs-mac-pro-4.secure /MacBookPro/BlowUp/BlowUpGL CellTrackerU.~pas
2009.12.01 13:06 B C:\BlowUp\BlowUpGL\CfgFile.dcu <-- cbs-mac-pro-4.secure /MacBookPro/BlowUp/BlowUpGL CfgFile.dcu
2009.12.01 13:06 B C:\BlowUp\BlowUpGL\CfgFile.pas <-- cbs-mac-pro-4.secure /MacBookPro/BlowUp/BlowUpGL CfgFile.pas
2009.12.01 13:06 B C:\BlowUp\BlowUpGL\CfgFile.~pas <-- cbs-mac-pro-4.secure /MacBookPro/BlowUp/BlowUpGL CfgFile.~pas
2009.12.01 13:06 B C:\BlowUp\BlowUpGL\Copy (2) of BlobFind.pas <-- cbs-mac-pro-4.secure /MacBookPro/BlowUp/BlowUpGL Copy (2) of BlobFind.pas
2009.12.01 13:06 B C:\BlowUp\BlowUpGL\Copy of BlobFind.pas <-- cbs-mac-pro-4.secure /MacBookPro/BlowUp/BlowUpGL Copy of BlobFind.pas
2009.12.01 13:06 B C:\BlowUp\BlowUpGL\Cpu.dcu <-- cbs-mac-pro-4.secure /MacBookPro/BlowUp/BlowUpGL Cpu.dcu
2009.12.01 13:06 B C:\BlowUp\BlowUpGL\Cpu.pas <-- cbs-mac-pro-4.secure /MacBookPro/BlowUp/BlowUpGL Cpu.pas
2009.12.01 13:06 B C:\BlowUp\BlowUpGL\CropWindowFrmU.dcu <-- cbs-mac-pro-4.secure /MacBookPro/BlowUp/BlowUpGL CropWindowFrmU.dcu
2009.12.01 13:06 B C:\BlowUp\BlowUpGL\CropWindowFrmU.ddp <-- cbs-mac-pro-4.secure /MacBookPro/BlowUp/BlowUpGL CropWindowFrmU.ddp
2009.12.01 13:06 B C:\BlowUp\BlowUpGL\CropWindowFrmU.dfm <-- cbs-mac-pro-4.secure /MacBookPro/BlowUp/BlowUpGL CropWindowFrmU.dfm
2009.12.01 13:06 B C:\BlowUp\BlowUpGL\CropWindowFrmU.pas <-- cbs-mac-pro-4.secure /MacBookPro/BlowUp/BlowUpGL CropWindowFrmU.pas
2009.12.01 13:06 B C:\BlowUp\BlowUpGL\CropWindowFrmU.~dfm <-- cbs-mac-pro-4.secure /MacBookPro/BlowUp/BlowUpGL CropWindowFrmU.~dfm
2009.12.01 13:06 B C:\BlowUp\BlowUpGL\CropWindowFrmU.~pas <-- cbs-mac-pro-4.secure /MacBookPro/BlowUp/BlowUpGL CropWindowFrmU.~pas
2009.12.01 13:06 B C:\BlowUp\BlowUpGL\CTMain.dfm <-- cbs-mac-pro-4.secure /MacBookPro/BlowUp/BlowUpGL CTMain.dfm
2009.12.01 13:07 B C:\BlowUp\BlowUpGL\CTMain.pas <-- cbs-mac-pro-4.secure /MacBookPro/BlowUp/BlowUpGL CTMain.pas
2009.12.01 13:07 B C:\BlowUp\BlowUpGL\CvTypes.dcu <-- cbs-mac-pro-4.secure /MacBookPro/BlowUp/BlowUpGL CvTypes.dcu
2009.12.01 13:07 B C:\BlowUp\BlowUpGL\CvTypes.pas <-- cbs-mac-pro-4.secure /MacBookPro/BlowUp/BlowUpGL CvTypes.pas
2009.12.01 13:07 B C:\BlowUp\BlowUpGL\DBmp.dcu <-- cbs-mac-pro-4.secure /MacBookPro/BlowUp/BlowUpGL DBmp.dcu
2009.12.01 13:07 B C:\BlowUp\BlowUpGL\DBmp.pas <-- cbs-mac-pro-4.secure /MacBookPro/BlowUp/BlowUpGL DBmp.pas
2009.12.01 13:07 B C:\BlowUp\BlowUpGL\DDrawU.dcu <-- cbs-mac-pro-4.secure /MacBookPro/BlowUp/BlowUpGL DDrawU.dcu
2009.12.01 13:07 B C:\BlowUp\BlowUpGL\DDrawU.pas <-- cbs-mac-pro-4.secure /MacBookPro/BlowUp/BlowUpGL DDrawU.pas
2009.12.01 13:07 B C:\BlowUp\BlowUpGL\DDrawU.~pas <-- cbs-mac-pro-4.secure /MacBookPro/BlowUp/BlowUpGL DDrawU.~pas
2009.12.01 13:07 B C:\BlowUp\BlowUpGL\DisplaySetupFrmU.dcu <-- cbs-mac-pro-4.secure /MacBookPro/BlowUp/BlowUpGL DisplaySetupFrmU.dcu
2009.12.01 13:07 B C:\BlowUp\BlowUpGL\DisplaySetupFrmU.ddp <-- cbs-mac-pro-4.secure /MacBookPro/BlowUp/BlowUpGL DisplaySetupFrmU.ddp
2009.12.01 13:07 B C:\BlowUp\BlowUpGL\DisplaySetupFrmU.dfm <-- cbs-mac-pro-4.secure /MacBookPro/BlowUp/BlowUpGL DisplaySetupFrmU.dfm
2009.12.01 13:07 B C:\BlowUp\BlowUpGL\DisplaySetupFrmU.pas <-- cbs-mac-pro-4.secure /MacBookPro/BlowUp/BlowUpGL DisplaySetupFrmU.pas
2009.12.01 13:07 B C:\BlowUp\BlowUpGL\DisplaySetupFrmU.~ddp <-- cbs-mac-pro-4.secure /MacBookPro/BlowUp/BlowUpGL DisplaySetupFrmU.~ddp
2009.12.01 13:07 B C:\BlowUp\BlowUpGL\DisplaySetupFrmU.~dfm <-- cbs-mac-pro-4.secure /MacBookPro/BlowUp/BlowUpGL DisplaySetupFrmU.~dfm
2009.12.01 13:07 B C:\BlowUp\BlowUpGL\DisplaySetupFrmU.~pas <-- cbs-mac-pro-4.secure /MacBookPro/BlowUp/BlowUpGL DisplaySetupFrmU.~pas
2009.12.01 13:07 B C:\BlowUp\BlowUpGL\DShowUtils.dcu <-- cbs-mac-pro-4.secure /MacBookPro/BlowUp/BlowUpGL DShowUtils.dcu
2009.12.01 13:07 B C:\BlowUp\BlowUpGL\DShowUtils.pas <-- cbs-mac-pro-4.secure /MacBookPro/BlowUp/BlowUpGL DShowUtils.pas
2009.12.01 13:07 B C:\BlowUp\BlowUpGL\FiCommon.dcu <-- cbs-mac-pro-4.secure /MacBookPro/BlowUp/BlowUpGL FiCommon.dcu
2009.12.01 13:07 B C:\BlowUp\BlowUpGL\FiCommon.pas <-- cbs-mac-pro-4.secure /MacBookPro/BlowUp/BlowUpGL FiCommon.pas
2009.12.01 13:07 B C:\BlowUp\BlowUpGL\FileUtils.dcu <-- cbs-mac-pro-4.secure /MacBookPro/BlowUp/BlowUpGL FileUtils.dcu
2009.12.01 13:07 B C:\BlowUp\BlowUpGL\FileUtils.pas <-- cbs-mac-pro-4.secure /MacBookPro/BlowUp/BlowUpGL FileUtils.pas
2009.12.01 13:07 B C:\BlowUp\BlowUpGL\FireI.dcu <-- cbs-mac-pro-4.secure /MacBookPro/BlowUp/BlowUpGL FireI.dcu
2009.12.01 13:07 B C:\BlowUp\BlowUpGL\FireI.pas <-- cbs-mac-pro-4.secure /MacBookPro/BlowUp/BlowUpGL FireI.pas
2009.12.01 13:07 B C:\BlowUp\BlowUpGL\FireISetupFrmU.dcu <-- cbs-mac-pro-4.secure /MacBookPro/BlowUp/BlowUpGL FireISetupFrmU.dcu
2009.12.01 13:07 B C:\BlowUp\BlowUpGL\FireISetupFrmU.ddp <-- cbs-mac-pro-4.secure /MacBookPro/BlowUp/BlowUpGL FireISetupFrmU.ddp
2009.12.01 13:07 B C:\BlowUp\BlowUpGL\FireISetupFrmU.dfm <-- cbs-mac-pro-4.secure /MacBookPro/BlowUp/BlowUpGL FireISetupFrmU.dfm
2009.12.01 13:07 B C:\BlowUp\BlowUpGL\FireISetupFrmU.pas <-- cbs-mac-pro-4.secure /MacBookPro/BlowUp/BlowUpGL FireISetupFrmU.pas
2009.12.01 13:07 B C:\BlowUp\BlowUpGL\FireISetupFrmU.~ddp <-- cbs-mac-pro-4.secure /MacBookPro/BlowUp/BlowUpGL FireISetupFrmU.~ddp
2009.12.01 13:07 B C:\BlowUp\BlowUpGL\FireISetupFrmU.~dfm <-- cbs-mac-pro-4.secure /MacBookPro/BlowUp/BlowUpGL FireISetupFrmU.~dfm
2009.12.01 13:07 B C:\BlowUp\BlowUpGL\FireISetupFrmU.~pas <-- cbs-mac-pro-4.secure /MacBookPro/BlowUp/BlowUpGL FireISetupFrmU.~pas
2009.12.01 13:07 B C:\BlowUp\BlowUpGL\FiUtils.dcu <-- cbs-mac-pro-4.secure /MacBookPro/BlowUp/BlowUpGL FiUtils.dcu
2009.12.01 13:07 B C:\BlowUp\BlowUpGL\FiUtils.pas <-- cbs-mac-pro-4.secure /MacBookPro/BlowUp/BlowUpGL FiUtils.pas
2009.12.01 13:07 B C:\BlowUp\BlowUpGL\FreeImageUtils.dcu <-- cbs-mac-pro-4.secure /MacBookPro/BlowUp/BlowUpGL FreeImageUtils.dcu
2009.12.01 13:07 B C:\BlowUp\BlowUpGL\FreeImageUtils.pas <-- cbs-mac-pro-4.secure /MacBookPro/BlowUp/BlowUpGL FreeImageUtils.pas
2009.12.01 13:07 B C:\BlowUp\BlowUpGL\FreeImgU.pas <-- cbs-mac-pro-4.secure /MacBookPro/BlowUp/BlowUpGL FreeImgU.pas
2009.12.01 13:07 B C:\BlowUp\BlowUpGL\GLDraw.dcu <-- cbs-mac-pro-4.secure /MacBookPro/BlowUp/BlowUpGL GLDraw.dcu
2009.12.01 13:07 B C:\BlowUp\BlowUpGL\GLDraw.pas <-- cbs-mac-pro-4.secure /MacBookPro/BlowUp/BlowUpGL GLDraw.pas
2009.12.01 13:07 B C:\BlowUp\BlowUpGL\GLDraw.~pas <-- cbs-mac-pro-4.secure /MacBookPro/BlowUp/BlowUpGL GLDraw.~pas
2009.12.01 13:07 B C:\BlowUp\BlowUpGL\Global.dcu <-- cbs-mac-pro-4.secure /MacBookPro/BlowUp/BlowUpGL Global.dcu
2009.12.01 13:07 B C:\BlowUp\BlowUpGL\Global.pas <-- cbs-mac-pro-4.secure /MacBookPro/BlowUp/BlowUpGL Global.pas
2009.12.01 13:07 B C:\BlowUp\BlowUpGL\Global.~pas <-- cbs-mac-pro-4.secure /MacBookPro/BlowUp/BlowUpGL Global.~pas
2009.12.01 13:07 B C:\BlowUp\BlowUpGL\GLSceneU.dcu <-- cbs-mac-pro-4.secure /MacBookPro/BlowUp/BlowUpGL GLSceneU.dcu
2009.12.01 13:07 B C:\BlowUp\BlowUpGL\GLSceneU.pas <-- cbs-mac-pro-4.secure /MacBookPro/BlowUp/BlowUpGL GLSceneU.pas
2009.12.01 13:07 B C:\BlowUp\BlowUpGL\GLSceneU.~pas <-- cbs-mac-pro-4.secure /MacBookPro/BlowUp/BlowUpGL GLSceneU.~pas
2009.12.01 13:07 B C:\BlowUp\BlowUpGL\ImageU.pas <-- cbs-mac-pro-4.secure /MacBookPro/BlowUp/BlowUpGL ImageU.pas
2009.12.01 13:07 B C:\BlowUp\BlowUpGL\IPL.dcu <-- cbs-mac-pro-4.secure /MacBookPro/BlowUp/BlowUpGL IPL.dcu
2009.12.01 13:07 B C:\BlowUp\BlowUpGL\ipl.pas <-- cbs-mac-pro-4.secure /MacBookPro/BlowUp/BlowUpGL ipl.pas
2009.12.01 13:07 B C:\BlowUp\BlowUpGL\ITable.dat <-- cbs-mac-pro-4.secure /MacBookPro/BlowUp/BlowUpGL ITable.dat
2009.12.01 13:07 B C:\BlowUp\BlowUpGL\Ks.dcu <-- cbs-mac-pro-4.secure /MacBookPro/BlowUp/BlowUpGL Ks.dcu
2009.12.01 13:07 B C:\BlowUp\BlowUpGL\Ks.pas <-- cbs-mac-pro-4.secure /MacBookPro/BlowUp/BlowUpGL Ks.pas
2009.12.01 13:07 B C:\BlowUp\BlowUpGL\Main.dcu <-- cbs-mac-pro-4.secure /MacBookPro/BlowUp/BlowUpGL Main.dcu
2009.12.01 13:07 B C:\BlowUp\BlowUpGL\Main.ddp <-- cbs-mac-pro-4.secure /MacBookPro/BlowUp/BlowUpGL Main.ddp
2009.12.01 13:07 B C:\BlowUp\BlowUpGL\Main.dfm <-- cbs-mac-pro-4.secure /MacBookPro/BlowUp/BlowUpGL Main.dfm
2009.12.01 13:07 B C:\BlowUp\BlowUpGL\Main.pas <-- cbs-mac-pro-4.secure /MacBookPro/BlowUp/BlowUpGL Main.pas
2009.12.01 13:07 B C:\BlowUp\BlowUpGL\Main.~ddp <-- cbs-mac-pro-4.secure /MacBookPro/BlowUp/BlowUpGL Main.~ddp
2009.12.01 13:07 B C:\BlowUp\BlowUpGL\Main.~dfm <-- cbs-mac-pro-4.secure /MacBookPro/BlowUp/BlowUpGL Main.~dfm
2009.12.01 13:07 B C:\BlowUp\BlowUpGL\Main.~pas <-- cbs-mac-pro-4.secure /MacBookPro/BlowUp/BlowUpGL Main.~pas
2009.12.01 13:07 B C:\BlowUp\BlowUpGL\Math2D.dcu <-- cbs-mac-pro-4.secure /MacBookPro/BlowUp/BlowUpGL Math2D.dcu
2009.12.01 13:07 B C:\BlowUp\BlowUpGL\Math2D.pas <-- cbs-mac-pro-4.secure /MacBookPro/BlowUp/BlowUpGL Math2D.pas
2009.12.01 13:07 B C:\BlowUp\BlowUpGL\Math2D.~pas <-- cbs-mac-pro-4.secure /MacBookPro/BlowUp/BlowUpGL Math2D.~pas
2009.12.01 13:07 B C:\BlowUp\BlowUpGL\Math3D.dcu <-- cbs-mac-pro-4.secure /MacBookPro/BlowUp/BlowUpGL Math3D.dcu
2009.12.01 13:07 B C:\BlowUp\BlowUpGL\Math3D.pas <-- cbs-mac-pro-4.secure /MacBookPro/BlowUp/BlowUpGL Math3D.pas
2009.12.01 13:07 B C:\BlowUp\BlowUpGL\MathUnit.dcu <-- cbs-mac-pro-4.secure /MacBookPro/BlowUp/BlowUpGL MathUnit.dcu
2009.12.01 13:07 B C:\BlowUp\BlowUpGL\MathUnit.pas <-- cbs-mac-pro-4.secure /MacBookPro/BlowUp/BlowUpGL MathUnit.pas
2009.12.01 13:07 B C:\BlowUp\BlowUpGL\MatrixU.dcu <-- cbs-mac-pro-4.secure /MacBookPro/BlowUp/BlowUpGL MatrixU.dcu
2009.12.01 13:07 B C:\BlowUp\BlowUpGL\MatrixU.pas <-- cbs-mac-pro-4.secure /MacBookPro/BlowUp/BlowUpGL MatrixU.pas
2009.12.01 13:07 B C:\BlowUp\BlowUpGL\memofrmu.dcu <-- cbs-mac-pro-4.secure /MacBookPro/BlowUp/BlowUpGL memofrmu.dcu
2009.12.01 13:07 B C:\BlowUp\BlowUpGL\memofrmu.ddp <-- cbs-mac-pro-4.secure /MacBookPro/BlowUp/BlowUpGL memofrmu.ddp
2009.12.01 13:07 B C:\BlowUp\BlowUpGL\memofrmu.dfm <-- cbs-mac-pro-4.secure /MacBookPro/BlowUp/BlowUpGL memofrmu.dfm
2009.12.01 13:07 B C:\BlowUp\BlowUpGL\memofrmu.pas <-- cbs-mac-pro-4.secure /MacBookPro/BlowUp/BlowUpGL memofrmu.pas
2009.12.01 13:07 B C:\BlowUp\BlowUpGL\memofrmu.~dfm <-- cbs-mac-pro-4.secure /MacBookPro/BlowUp/BlowUpGL memofrmu.~dfm
2009.12.01 13:07 B C:\BlowUp\BlowUpGL\memofrmu.~pas <-- cbs-mac-pro-4.secure /MacBookPro/BlowUp/BlowUpGL memofrmu.~pas
2009.12.01 13:07 B C:\BlowUp\BlowUpGL\MenuFrmU.dcu <-- cbs-mac-pro-4.secure /MacBookPro/BlowUp/BlowUpGL MenuFrmU.dcu
2009.12.01 13:07 B C:\BlowUp\BlowUpGL\MenuFrmU.ddp <-- cbs-mac-pro-4.secure /MacBookPro/BlowUp/BlowUpGL MenuFrmU.ddp
2009.12.01 13:07 B C:\BlowUp\BlowUpGL\MenuFrmU.dfm <-- cbs-mac-pro-4.secure /MacBookPro/BlowUp/BlowUpGL MenuFrmU.dfm
2009.12.01 13:07 B C:\BlowUp\BlowUpGL\MenuFrmU.pas <-- cbs-mac-pro-4.secure /MacBookPro/BlowUp/BlowUpGL MenuFrmU.pas
2009.12.01 13:07 B C:\BlowUp\BlowUpGL\MenuFrmU.~ddp <-- cbs-mac-pro-4.secure /MacBookPro/BlowUp/BlowUpGL MenuFrmU.~ddp
2009.12.01 13:07 B C:\BlowUp\BlowUpGL\MenuFrmU.~dfm <-- cbs-mac-pro-4.secure /MacBookPro/BlowUp/BlowUpGL MenuFrmU.~dfm
2009.12.01 13:07 B C:\BlowUp\BlowUpGL\MenuFrmU.~pas <-- cbs-mac-pro-4.secure /MacBookPro/BlowUp/BlowUpGL MenuFrmU.~pas
2009.12.01 13:07 B C:\BlowUp\BlowUpGL\NvCpl.dcu <-- cbs-mac-pro-4.secure /MacBookPro/BlowUp/BlowUpGL NvCpl.dcu
2009.12.01 13:07 B C:\BlowUp\BlowUpGL\NvCpl.pas <-- cbs-mac-pro-4.secure /MacBookPro/BlowUp/BlowUpGL NvCpl.pas
2009.12.01 13:07 B C:\BlowUp\BlowUpGL\NvCpl.~pas <-- cbs-mac-pro-4.secure /MacBookPro/BlowUp/BlowUpGL NvCpl.~pas
2009.12.01 13:07 B C:\BlowUp\BlowUpGL\NVidia.dcu <-- cbs-mac-pro-4.secure /MacBookPro/BlowUp/BlowUpGL NVidia.dcu
2009.12.01 13:07 B C:\BlowUp\BlowUpGL\NVidia.pas <-- cbs-mac-pro-4.secure /MacBookPro/BlowUp/BlowUpGL NVidia.pas
2009.12.01 13:07 B C:\BlowUp\BlowUpGL\NVidia.~pas <-- cbs-mac-pro-4.secure /MacBookPro/BlowUp/BlowUpGL NVidia.~pas
2009.12.01 13:07 B C:\BlowUp\BlowUpGL\OpenCV.dcu <-- cbs-mac-pro-4.secure /MacBookPro/BlowUp/BlowUpGL OpenCV.dcu
2009.12.01 13:07 B C:\BlowUp\BlowUpGL\OpenCV.pas <-- cbs-mac-pro-4.secure /MacBookPro/BlowUp/BlowUpGL OpenCV.pas
2009.12.01 13:07 B C:\BlowUp\BlowUpGL\PalTest.dpr <-- cbs-mac-pro-4.secure /MacBookPro/BlowUp/BlowUpGL PalTest.dpr
2009.12.01 13:07 B C:\BlowUp\BlowUpGL\PgrInterface.dcu <-- cbs-mac-pro-4.secure /MacBookPro/BlowUp/BlowUpGL PgrInterface.dcu
2009.12.01 13:07 B C:\BlowUp\BlowUpGL\PgrInterface.pas <-- cbs-mac-pro-4.secure /MacBookPro/BlowUp/BlowUpGL PgrInterface.pas
2009.12.01 13:07 B C:\BlowUp\BlowUpGL\PgrKsMedia.dcu <-- cbs-mac-pro-4.secure /MacBookPro/BlowUp/BlowUpGL PgrKsMedia.dcu
2009.12.01 13:07 B C:\BlowUp\BlowUpGL\PgrKsMedia.pas <-- cbs-mac-pro-4.secure /MacBookPro/BlowUp/BlowUpGL PgrKsMedia.pas
2009.12.01 13:07 B C:\BlowUp\BlowUpGL\PgrStrmReg.pas <-- cbs-mac-pro-4.secure /MacBookPro/BlowUp/BlowUpGL PgrStrmReg.pas
2009.12.01 13:07 B C:\BlowUp\BlowUpGL\PtGreySetupFrmU.dcu <-- cbs-mac-pro-4.secure /MacBookPro/BlowUp/BlowUpGL PtGreySetupFrmU.dcu
2009.12.01 13:07 B C:\BlowUp\BlowUpGL\PtGreySetupFrmU.ddp <-- cbs-mac-pro-4.secure /MacBookPro/BlowUp/BlowUpGL PtGreySetupFrmU.ddp
2009.12.01 13:07 B C:\BlowUp\BlowUpGL\PtGreySetupFrmU.dfm <-- cbs-mac-pro-4.secure /MacBookPro/BlowUp/BlowUpGL PtGreySetupFrmU.dfm
2009.12.01 13:07 B C:\BlowUp\BlowUpGL\PtGreySetupFrmU.pas <-- cbs-mac-pro-4.secure /MacBookPro/BlowUp/BlowUpGL PtGreySetupFrmU.pas
2009.12.01 13:07 B C:\BlowUp\BlowUpGL\PtGreySetupFrmU.~ddp <-- cbs-mac-pro-4.secure /MacBookPro/BlowUp/BlowUpGL PtGreySetupFrmU.~ddp
2009.12.01 13:07 B C:\BlowUp\BlowUpGL\PtGreySetupFrmU.~dfm <-- cbs-mac-pro-4.secure /MacBookPro/BlowUp/BlowUpGL PtGreySetupFrmU.~dfm
2009.12.01 13:07 B C:\BlowUp\BlowUpGL\PtGreySetupFrmU.~pas <-- cbs-mac-pro-4.secure /MacBookPro/BlowUp/BlowUpGL PtGreySetupFrmU.~pas
2009.12.01 13:07 B C:\BlowUp\BlowUpGL\PTMain.dfm <-- cbs-mac-pro-4.secure /MacBookPro/BlowUp/BlowUpGL PTMain.dfm
2009.12.01 13:07 B C:\BlowUp\BlowUpGL\PTMain.pas <-- cbs-mac-pro-4.secure /MacBookPro/BlowUp/BlowUpGL PTMain.pas
2009.12.01 13:07 B C:\BlowUp\BlowUpGL\QMatrix.dcu <-- cbs-mac-pro-4.secure /MacBookPro/BlowUp/BlowUpGL QMatrix.dcu
2009.12.01 13:07 B C:\BlowUp\BlowUpGL\qmatrix.pas <-- cbs-mac-pro-4.secure /MacBookPro/BlowUp/BlowUpGL qmatrix.pas
2009.12.01 13:07 B C:\BlowUp\BlowUpGL\Routines.dcu <-- cbs-mac-pro-4.secure /MacBookPro/BlowUp/BlowUpGL Routines.dcu
2009.12.01 13:07 B C:\BlowUp\BlowUpGL\Routines.pas <-- cbs-mac-pro-4.secure /MacBookPro/BlowUp/BlowUpGL Routines.pas
2009.12.01 13:07 B C:\BlowUp\BlowUpGL\Routines.~pas <-- cbs-mac-pro-4.secure /MacBookPro/BlowUp/BlowUpGL Routines.~pas
2009.12.01 13:07 B C:\BlowUp\BlowUpGL\RunFrmU.dfm <-- cbs-mac-pro-4.secure /MacBookPro/BlowUp/BlowUpGL RunFrmU.dfm
2009.12.01 13:07 B C:\BlowUp\BlowUpGL\RunFrmU.pas <-- cbs-mac-pro-4.secure /MacBookPro/BlowUp/BlowUpGL RunFrmU.pas
2009.12.01 13:07 B C:\BlowUp\BlowUpGL\SegHelpFrmU.dcu <-- cbs-mac-pro-4.secure /MacBookPro/BlowUp/BlowUpGL SegHelpFrmU.dcu
2009.12.01 13:07 B C:\BlowUp\BlowUpGL\SegHelpFrmU.ddp <-- cbs-mac-pro-4.secure /MacBookPro/BlowUp/BlowUpGL SegHelpFrmU.ddp
2009.12.01 13:07 B C:\BlowUp\BlowUpGL\SegHelpFrmU.dfm <-- cbs-mac-pro-4.secure /MacBookPro/BlowUp/BlowUpGL SegHelpFrmU.dfm
2009.12.01 13:07 B C:\BlowUp\BlowUpGL\SegHelpFrmU.pas <-- cbs-mac-pro-4.secure /MacBookPro/BlowUp/BlowUpGL SegHelpFrmU.pas
2009.12.01 13:07 B C:\BlowUp\BlowUpGL\SegHelpFrmU.~dfm <-- cbs-mac-pro-4.secure /MacBookPro/BlowUp/BlowUpGL SegHelpFrmU.~dfm
2009.12.01 13:07 B C:\BlowUp\BlowUpGL\SegHelpFrmU.~pas <-- cbs-mac-pro-4.secure /MacBookPro/BlowUp/BlowUpGL SegHelpFrmU.~pas
2009.12.01 13:07 B C:\BlowUp\BlowUpGL\SegmenterCfgFrmU.dcu <-- cbs-mac-pro-4.secure /MacBookPro/BlowUp/BlowUpGL SegmenterCfgFrmU.dcu
2009.12.01 13:07 B C:\BlowUp\BlowUpGL\SegmenterCfgFrmU.ddp <-- cbs-mac-pro-4.secure /MacBookPro/BlowUp/BlowUpGL SegmenterCfgFrmU.ddp
2009.12.01 13:07 B C:\BlowUp\BlowUpGL\SegmenterCfgFrmU.dfm <-- cbs-mac-pro-4.secure /MacBookPro/BlowUp/BlowUpGL SegmenterCfgFrmU.dfm
2009.12.01 13:07 B C:\BlowUp\BlowUpGL\SegmenterCfgFrmU.pas <-- cbs-mac-pro-4.secure /MacBookPro/BlowUp/BlowUpGL SegmenterCfgFrmU.pas
2009.12.01 13:07 B C:\BlowUp\BlowUpGL\SegmenterCfgFrmU.~ddp <-- cbs-mac-pro-4.secure /MacBookPro/BlowUp/BlowUpGL SegmenterCfgFrmU.~ddp
2009.12.01 13:07 B C:\BlowUp\BlowUpGL\SegmenterCfgFrmU.~dfm <-- cbs-mac-pro-4.secure /MacBookPro/BlowUp/BlowUpGL SegmenterCfgFrmU.~dfm
2009.12.01 13:07 B C:\BlowUp\BlowUpGL\SegmenterCfgFrmU.~pas <-- cbs-mac-pro-4.secure /MacBookPro/BlowUp/BlowUpGL SegmenterCfgFrmU.~pas
2009.12.01 13:07 B C:\BlowUp\BlowUpGL\SegmenterSetupFrmU.dcu <-- cbs-mac-pro-4.secure /MacBookPro/BlowUp/BlowUpGL SegmenterSetupFrmU.dcu
2009.12.01 13:07 B C:\BlowUp\BlowUpGL\SegmenterSetupFrmU.ddp <-- cbs-mac-pro-4.secure /MacBookPro/BlowUp/BlowUpGL SegmenterSetupFrmU.ddp
2009.12.01 13:07 B C:\BlowUp\BlowUpGL\SegmenterSetupFrmU.dfm <-- cbs-mac-pro-4.secure /MacBookPro/BlowUp/BlowUpGL SegmenterSetupFrmU.dfm
2009.12.01 13:07 B C:\BlowUp\BlowUpGL\SegmenterSetupFrmU.pas <-- cbs-mac-pro-4.secure /MacBookPro/BlowUp/BlowUpGL SegmenterSetupFrmU.pas
2009.12.01 13:07 B C:\BlowUp\BlowUpGL\SegmenterSetupFrmU.~ddp <-- cbs-mac-pro-4.secure /MacBookPro/BlowUp/BlowUpGL SegmenterSetupFrmU.~ddp
2009.12.01 13:07 B C:\BlowUp\BlowUpGL\SegmenterSetupFrmU.~dfm <-- cbs-mac-pro-4.secure /MacBookPro/BlowUp/BlowUpGL SegmenterSetupFrmU.~dfm
2009.12.01 13:07 B C:\BlowUp\BlowUpGL\SegmenterSetupFrmU.~pas <-- cbs-mac-pro-4.secure /MacBookPro/BlowUp/BlowUpGL SegmenterSetupFrmU.~pas
2009.12.01 13:07 B C:\BlowUp\BlowUpGL\SegmenterU.dcu <-- cbs-mac-pro-4.secure /MacBookPro/BlowUp/BlowUpGL SegmenterU.dcu
2009.12.01 13:07 B C:\BlowUp\BlowUpGL\SegmenterU.pas <-- cbs-mac-pro-4.secure /MacBookPro/BlowUp/BlowUpGL SegmenterU.pas
2009.12.01 13:07 B C:\BlowUp\BlowUpGL\SegmenterU.~pas <-- cbs-mac-pro-4.secure /MacBookPro/BlowUp/BlowUpGL SegmenterU.~pas
2009.12.01 13:07 B C:\BlowUp\BlowUpGL\Settings.Cfg <-- cbs-mac-pro-4.secure /MacBookPro/BlowUp/BlowUpGL Settings.Cfg
2009.12.01 13:07 B C:\BlowUp\BlowUpGL\SettingsFrmU.dcu <-- cbs-mac-pro-4.secure /MacBookPro/BlowUp/BlowUpGL SettingsFrmU.dcu
2009.12.01 13:07 B C:\BlowUp\BlowUpGL\SettingsFrmU.ddp <-- cbs-mac-pro-4.secure /MacBookPro/BlowUp/BlowUpGL SettingsFrmU.ddp
2009.12.01 13:07 B C:\BlowUp\BlowUpGL\SettingsFrmU.dfm <-- cbs-mac-pro-4.secure /MacBookPro/BlowUp/BlowUpGL SettingsFrmU.dfm
2009.12.01 13:07 B C:\BlowUp\BlowUpGL\SettingsFrmU.pas <-- cbs-mac-pro-4.secure /MacBookPro/BlowUp/BlowUpGL SettingsFrmU.pas
2009.12.01 13:07 B C:\BlowUp\BlowUpGL\SettingsFrmU.~ddp <-- cbs-mac-pro-4.secure /MacBookPro/BlowUp/BlowUpGL SettingsFrmU.~ddp
2009.12.01 13:07 B C:\BlowUp\BlowUpGL\SettingsFrmU.~dfm <-- cbs-mac-pro-4.secure /MacBookPro/BlowUp/BlowUpGL SettingsFrmU.~dfm
2009.12.01 13:07 B C:\BlowUp\BlowUpGL\SettingsFrmU.~pas <-- cbs-mac-pro-4.secure /MacBookPro/BlowUp/BlowUpGL SettingsFrmU.~pas
2009.12.01 13:07 B C:\BlowUp\BlowUpGL\SetupU.dfm <-- cbs-mac-pro-4.secure /MacBookPro/BlowUp/BlowUpGL SetupU.dfm
2009.12.01 13:07 B C:\BlowUp\BlowUpGL\SetupU.pas <-- cbs-mac-pro-4.secure /MacBookPro/BlowUp/BlowUpGL SetupU.pas
2009.12.01 13:07 B C:\BlowUp\BlowUpGL\StopWatchU.dcu <-- cbs-mac-pro-4.secure /MacBookPro/BlowUp/BlowUpGL StopWatchU.dcu
2009.12.01 13:07 B C:\BlowUp\BlowUpGL\StopWatchU.pas <-- cbs-mac-pro-4.secure /MacBookPro/BlowUp/BlowUpGL StopWatchU.pas
2009.12.01 13:07 B C:\BlowUp\BlowUpGL\StopWatchU.~pas <-- cbs-mac-pro-4.secure /MacBookPro/BlowUp/BlowUpGL StopWatchU.~pas
2009.12.01 13:07 B C:\BlowUp\BlowUpGL\SuperCellU.pas <-- cbs-mac-pro-4.secure /MacBookPro/BlowUp/BlowUpGL SuperCellU.pas
2009.12.01 13:07 B C:\BlowUp\BlowUpGL\SuperCellU.~pas <-- cbs-mac-pro-4.secure /MacBookPro/BlowUp/BlowUpGL SuperCellU.~pas
2009.12.01 13:07 B C:\BlowUp\BlowUpGL\thread.pas <-- cbs-mac-pro-4.secure /MacBookPro/BlowUp/BlowUpGL thread.pas
2009.12.01 13:07 B C:\BlowUp\BlowUpGL\ThreadU.dcu <-- cbs-mac-pro-4.secure /MacBookPro/BlowUp/BlowUpGL ThreadU.dcu
2009.12.01 13:07 B C:\BlowUp\BlowUpGL\ThreadU.pas <-- cbs-mac-pro-4.secure /MacBookPro/BlowUp/BlowUpGL ThreadU.pas
2009.12.01 13:07 B C:\BlowUp\BlowUpGL\TilerU.dcu <-- cbs-mac-pro-4.secure /MacBookPro/BlowUp/BlowUpGL TilerU.dcu
2009.12.01 13:07 B C:\BlowUp\BlowUpGL\TilerU.pas <-- cbs-mac-pro-4.secure /MacBookPro/BlowUp/BlowUpGL TilerU.pas
2009.12.01 13:07 B C:\BlowUp\BlowUpGL\TilerU.~pas <-- cbs-mac-pro-4.secure /MacBookPro/BlowUp/BlowUpGL TilerU.~pas
2009.12.01 13:07 B C:\BlowUp\BlowUpGL\TrackerU.dcu <-- cbs-mac-pro-4.secure /MacBookPro/BlowUp/BlowUpGL TrackerU.dcu
2009.12.01 13:07 B C:\BlowUp\BlowUpGL\TrackerU.pas <-- cbs-mac-pro-4.secure /MacBookPro/BlowUp/BlowUpGL TrackerU.pas
2009.12.01 13:07 B C:\BlowUp\BlowUpGL\TrackerU.~pas <-- cbs-mac-pro-4.secure /MacBookPro/BlowUp/BlowUpGL TrackerU.~pas
2009.12.01 13:07 B C:\BlowUp\BlowUpGL\TrackingCfg.dfm <-- cbs-mac-pro-4.secure /MacBookPro/BlowUp/BlowUpGL TrackingCfg.dfm
2009.12.01 13:07 B C:\BlowUp\BlowUpGL\TrackingCfg.pas <-- cbs-mac-pro-4.secure /MacBookPro/BlowUp/BlowUpGL TrackingCfg.pas
2009.12.01 13:07 B C:\BlowUp\BlowUpGL\TrackingCfgFrmU.ddp <-- cbs-mac-pro-4.secure /MacBookPro/BlowUp/BlowUpGL TrackingCfgFrmU.ddp
2009.12.01 13:07 B C:\BlowUp\BlowUpGL\TrackingCfgFrmU.dfm <-- cbs-mac-pro-4.secure /MacBookPro/BlowUp/BlowUpGL TrackingCfgFrmU.dfm
2009.12.01 13:07 B C:\BlowUp\BlowUpGL\TrackingCfgFrmU.pas <-- cbs-mac-pro-4.secure /MacBookPro/BlowUp/BlowUpGL TrackingCfgFrmU.pas
2009.12.01 13:07 B C:\BlowUp\BlowUpGL\TrackingSettingsFrmU.dcu <-- cbs-mac-pro-4.secure /MacBookPro/BlowUp/BlowUpGL TrackingSettingsFrmU.dcu
2009.12.01 13:07 B C:\BlowUp\BlowUpGL\TrackingSettingsFrmU.ddp <-- cbs-mac-pro-4.secure /MacBookPro/BlowUp/BlowUpGL TrackingSettingsFrmU.ddp
2009.12.01 13:07 B C:\BlowUp\BlowUpGL\TrackingSettingsFrmU.dfm <-- cbs-mac-pro-4.secure /MacBookPro/BlowUp/BlowUpGL TrackingSettingsFrmU.dfm
2009.12.01 13:07 B C:\BlowUp\BlowUpGL\TrackingSettingsFrmU.pas <-- cbs-mac-pro-4.secure /MacBookPro/BlowUp/BlowUpGL TrackingSettingsFrmU.pas
2009.12.01 13:07 B C:\BlowUp\BlowUpGL\TrackingSettingsFrmU.~ddp <-- cbs-mac-pro-4.secure /MacBookPro/BlowUp/BlowUpGL TrackingSettingsFrmU.~ddp
2009.12.01 13:07 B C:\BlowUp\BlowUpGL\TrackingSettingsFrmU.~dfm <-- cbs-mac-pro-4.secure /MacBookPro/BlowUp/BlowUpGL TrackingSettingsFrmU.~dfm
2009.12.01 13:07 B C:\BlowUp\BlowUpGL\TrackingSettingsFrmU.~pas <-- cbs-mac-pro-4.secure /MacBookPro/BlowUp/BlowUpGL TrackingSettingsFrmU.~pas
2009.12.01 13:07 B C:\BlowUp\BlowUpGL\TrackingSetupFrmU.dcu <-- cbs-mac-pro-4.secure /MacBookPro/BlowUp/BlowUpGL TrackingSetupFrmU.dcu
2009.12.01 13:07 B C:\BlowUp\BlowUpGL\TrackingSetupFrmU.ddp <-- cbs-mac-pro-4.secure /MacBookPro/BlowUp/BlowUpGL TrackingSetupFrmU.ddp
2009.12.01 13:07 B C:\BlowUp\BlowUpGL\TrackingSetupFrmU.dfm <-- cbs-mac-pro-4.secure /MacBookPro/BlowUp/BlowUpGL TrackingSetupFrmU.dfm
2009.12.01 13:07 B C:\BlowUp\BlowUpGL\TrackingSetupFrmU.pas <-- cbs-mac-pro-4.secure /MacBookPro/BlowUp/BlowUpGL TrackingSetupFrmU.pas
2009.12.01 13:07 B C:\BlowUp\BlowUpGL\TrackingSetupFrmU.~ddp <-- cbs-mac-pro-4.secure /MacBookPro/BlowUp/BlowUpGL TrackingSetupFrmU.~ddp
2009.12.01 13:07 B C:\BlowUp\BlowUpGL\TrackingSetupFrmU.~dfm <-- cbs-mac-pro-4.secure /MacBookPro/BlowUp/BlowUpGL TrackingSetupFrmU.~dfm
2009.12.01 13:07 B C:\BlowUp\BlowUpGL\TrackingSetupFrmU.~pas <-- cbs-mac-pro-4.secure /MacBookPro/BlowUp/BlowUpGL TrackingSetupFrmU.~pas
2009.12.01 13:07 B C:\BlowUp\BlowUpGL\TrackTestFrmU.dcu <-- cbs-mac-pro-4.secure /MacBookPro/BlowUp/BlowUpGL TrackTestFrmU.dcu
2009.12.01 13:07 B C:\BlowUp\BlowUpGL\TrackTestFrmU.ddp <-- cbs-mac-pro-4.secure /MacBookPro/BlowUp/BlowUpGL TrackTestFrmU.ddp
2009.12.01 13:07 B C:\BlowUp\BlowUpGL\TrackTestFrmU.dfm <-- cbs-mac-pro-4.secure /MacBookPro/BlowUp/BlowUpGL TrackTestFrmU.dfm
2009.12.01 13:07 B C:\BlowUp\BlowUpGL\TrackTestFrmU.pas <-- cbs-mac-pro-4.secure /MacBookPro/BlowUp/BlowUpGL TrackTestFrmU.pas
2009.12.01 13:07 B C:\BlowUp\BlowUpGL\TrackTestFrmU.~ddp <-- cbs-mac-pro-4.secure /MacBookPro/BlowUp/BlowUpGL TrackTestFrmU.~ddp
2009.12.01 13:07 B C:\BlowUp\BlowUpGL\TrackTestFrmU.~dfm <-- cbs-mac-pro-4.secure /MacBookPro/BlowUp/BlowUpGL TrackTestFrmU.~dfm
2009.12.01 13:07 B C:\BlowUp\BlowUpGL\TrackTestFrmU.~pas <-- cbs-mac-pro-4.secure /MacBookPro/BlowUp/BlowUpGL TrackTestFrmU.~pas
2009.12.01 13:07 B C:\BlowUp\BlowUpGL\TrackViewFrmU.dcu <-- cbs-mac-pro-4.secure /MacBookPro/BlowUp/BlowUpGL TrackViewFrmU.dcu
2009.12.01 13:07 B C:\BlowUp\BlowUpGL\TrackViewFrmU.ddp <-- cbs-mac-pro-4.secure /MacBookPro/BlowUp/BlowUpGL TrackViewFrmU.ddp
2009.12.01 13:07 B C:\BlowUp\BlowUpGL\TrackViewFrmU.dfm <-- cbs-mac-pro-4.secure /MacBookPro/BlowUp/BlowUpGL TrackViewFrmU.dfm
2009.12.01 13:07 B C:\BlowUp\BlowUpGL\TrackViewFrmU.pas <-- cbs-mac-pro-4.secure /MacBookPro/BlowUp/BlowUpGL TrackViewFrmU.pas
2009.12.01 13:07 B C:\BlowUp\BlowUpGL\TrackViewFrmU.~ddp <-- cbs-mac-pro-4.secure /MacBookPro/BlowUp/BlowUpGL TrackViewFrmU.~ddp
2009.12.01 13:07 B C:\BlowUp\BlowUpGL\TrackViewFrmU.~dfm <-- cbs-mac-pro-4.secure /MacBookPro/BlowUp/BlowUpGL TrackViewFrmU.~dfm
2009.12.01 13:07 B C:\BlowUp\BlowUpGL\TrackViewFrmU.~pas <-- cbs-mac-pro-4.secure /MacBookPro/BlowUp/BlowUpGL TrackViewFrmU.~pas
2009.12.01 13:07 B C:\BlowUp\BlowUpGL\Traits.dat <-- cbs-mac-pro-4.secure /MacBookPro/BlowUp/BlowUpGL Traits.dat
2009.12.01 13:07 B C:\BlowUp\BlowUpGL\TxtFile.pas <-- cbs-mac-pro-4.secure /MacBookPro/BlowUp/BlowUpGL TxtFile.pas
2009.12.01 13:07 B C:\BlowUp\BlowUpGL\TxtFileU.dcu <-- cbs-mac-pro-4.secure /MacBookPro/BlowUp/BlowUpGL TxtFileU.dcu
2009.12.01 13:07 B C:\BlowUp\BlowUpGL\TxtFileU.pas <-- cbs-mac-pro-4.secure /MacBookPro/BlowUp/BlowUpGL TxtFileU.pas
2009.12.01 13:07 B C:\BlowUp\BlowUpGL\UBrainCamSetupFrmU.dfm <-- cbs-mac-pro-4.secure /MacBookPro/BlowUp/BlowUpGL UBrainCamSetupFrmU.dfm
2009.12.01 13:07 B C:\BlowUp\BlowUpGL\UBrainCamSetupFrmU.pas <-- cbs-mac-pro-4.secure /MacBookPro/BlowUp/BlowUpGL UBrainCamSetupFrmU.pas
2009.12.01 13:07 B C:\BlowUp\BlowUpGL\Unit1.pas <-- cbs-mac-pro-4.secure /MacBookPro/BlowUp/BlowUpGL Unit1.pas
2009.12.01 13:07 B C:\BlowUp\BlowUpGL\UScanTrk.dpr <-- cbs-mac-pro-4.secure /MacBookPro/BlowUp/BlowUpGL UScanTrk.dpr
2009.12.01 13:07 B C:\BlowUp\BlowUpGL\VCellU.dcu <-- cbs-mac-pro-4.secure /MacBookPro/BlowUp/BlowUpGL VCellU.dcu
2009.12.01 13:07 B C:\BlowUp\BlowUpGL\VCellU.pas <-- cbs-mac-pro-4.secure /MacBookPro/BlowUp/BlowUpGL VCellU.pas
2009.12.01 13:07 B C:\BlowUp\BlowUpGL\VCellU.~pas <-- cbs-mac-pro-4.secure /MacBookPro/BlowUp/BlowUpGL VCellU.~pas
