   1              		.syntax unified
   2              		.cpu cortex-m3
   3              		.fpu softvfp
   4              		.eabi_attribute 20, 1
   5              		.eabi_attribute 21, 1
   6              		.eabi_attribute 23, 3
   7              		.eabi_attribute 24, 1
   8              		.eabi_attribute 25, 1
   9              		.eabi_attribute 26, 1
  10              		.eabi_attribute 30, 4
  11              		.eabi_attribute 18, 4
  12              		.thumb
  13              		.file	"Packet.c"
  21              	.Ltext0:
  22              		.section	.text.Packet_Init,"ax",%progbits
  23              		.align	1
  24              		.global	Packet_Init
  25              		.thumb
  26              		.thumb_func
  28              	Packet_Init:
  29              	.LFB29:
  30              		.file 1 "Packet.c"
   1:Packet.c      **** #include "Packet.h"
   2:Packet.c      **** #include "stm32f10x.h"
   3:Packet.c      **** 
   4:Packet.c      **** 
   5:Packet.c      **** void    Packet_Init()
   6:Packet.c      **** {
  31              		.loc 1 6 0
  32              		@ args = 0, pretend = 0, frame = 0
  33              		@ frame_needed = 0, uses_anonymous_args = 0
  34              		@ link register save eliminated.
   7:Packet.c      ****     /* Enable CRC clock */
   8:Packet.c      ****     RCC_AHBPeriphClockCmd(RCC_AHBPeriph_CRC, ENABLE);
  35              		.loc 1 8 0
  36 0000 4020     		movs	r0, #64
  37 0002 0121     		movs	r1, #1
   9:Packet.c      **** }
  38              		.loc 1 9 0
   8:Packet.c      ****     RCC_AHBPeriphClockCmd(RCC_AHBPeriph_CRC, ENABLE);
  39              		.loc 1 8 0
  40 0004 FFF7FEBF 		b	RCC_AHBPeriphClockCmd
  41              	.LFE29:
  43              		.section	.text.Packet_SetCRC,"ax",%progbits
  44              		.align	1
  45              		.global	Packet_SetCRC
  46              		.thumb
  47              		.thumb_func
  49              	Packet_SetCRC:
  50              	.LFB30:
  10:Packet.c      **** 
  11:Packet.c      **** void    Packet_SetCRC(DisplayPacket * packet)
  12:Packet.c      **** {
  51              		.loc 1 12 0
  52              		@ args = 0, pretend = 0, frame = 8
  53              		@ frame_needed = 0, uses_anonymous_args = 0
  54              	.LVL0:
  55 0000 13B5     		push	{r0, r1, r4, lr}
  56              	.LCFI0:
  57              		.loc 1 12 0
  58 0002 0446     		mov	r4, r0
  13:Packet.c      ****     int     words = (sizeof(DisplayPacket) - sizeof(uint32_t)) / sizeof(uint32_t);
  14:Packet.c      ****     __IO uint32_t CRCValue;
  15:Packet.c      ****     
  16:Packet.c      ****     CRC_ResetDR();
  59              		.loc 1 16 0
  60 0004 FFF7FEFF 		bl	CRC_ResetDR
  61              	.LVL1:
  17:Packet.c      ****     CRCValue = CRC_CalcBlockCRC((uint32_t *) packet, words);
  62              		.loc 1 17 0
  63 0008 2046     		mov	r0, r4
  64 000a 4FF48171 		mov	r1, #258
  65 000e FFF7FEFF 		bl	CRC_CalcBlockCRC
  66              	.LVL2:
  67 0012 0190     		str	r0, [sp, #4]
  18:Packet.c      **** 
  19:Packet.c      ****     packet->crc = CRCValue;
  68              		.loc 1 19 0
  69 0014 019B     		ldr	r3, [sp, #4]
  70 0016 C4F80834 		str	r3, [r4, #1032]
  20:Packet.c      **** }
  71              		.loc 1 20 0
  72 001a 1CBD     		pop	{r2, r3, r4, pc}
  73              	.LFE30:
  75              		.section	.text.Packet_CheckCRC,"ax",%progbits
  76              		.align	1
  77              		.global	Packet_CheckCRC
  78              		.thumb
  79              		.thumb_func
  81              	Packet_CheckCRC:
  82              	.LFB31:
  21:Packet.c      **** 
  22:Packet.c      **** unsigned char    Packet_CheckCRC(DisplayPacket * packet)
  23:Packet.c      **** {
  83              		.loc 1 23 0
  84              		@ args = 0, pretend = 0, frame = 8
  85              		@ frame_needed = 0, uses_anonymous_args = 0
  86              	.LVL3:
  87 0000 13B5     		push	{r0, r1, r4, lr}
  88              	.LCFI1:
  89              		.loc 1 23 0
  90 0002 0446     		mov	r4, r0
  24:Packet.c      ****     int     words = (sizeof(DisplayPacket) - sizeof(uint32_t)) / sizeof(uint32_t);
  25:Packet.c      ****     __IO uint32_t CRCValue;
  26:Packet.c      ****     
  27:Packet.c      ****     CRC_ResetDR();
  91              		.loc 1 27 0
  92 0004 FFF7FEFF 		bl	CRC_ResetDR
  93              	.LVL4:
  28:Packet.c      ****     CRCValue = CRC_CalcBlockCRC((uint32_t *) packet, words);
  94              		.loc 1 28 0
  95 0008 2046     		mov	r0, r4
  96 000a 4FF48171 		mov	r1, #258
  97 000e FFF7FEFF 		bl	CRC_CalcBlockCRC
  98              	.LVL5:
  99 0012 0190     		str	r0, [sp, #4]
  29:Packet.c      **** 
  30:Packet.c      ****     if (packet->crc == CRCValue) {
 100              		.loc 1 30 0
 101 0014 019B     		ldr	r3, [sp, #4]
  31:Packet.c      ****         return TRUE;
 102              		.loc 1 31 0
 103 0016 D4F80804 		ldr	r0, [r4, #1032]
 104              	.LVL6:
  32:Packet.c      ****     } else {
  33:Packet.c      ****         return FALSE;
  34:Packet.c      ****     }
  35:Packet.c      **** }
 105              		.loc 1 35 0
 106 001a C31A     		subs	r3, r0, r3
 107 001c 5842     		rsbs	r0, r3, #0
 108 001e 40EB0300 		adc	r0, r0, r3
 109 0022 1CBD     		pop	{r2, r3, r4, pc}
 110              	.LFE31:
 176              	.Letext0:
DEFINED SYMBOLS
                            *ABS*:0000000000000000 Packet.c
/var/folders/hf/1q98hq1x3fzgkd5ts8kwc2b00000gr/T//ccne2avC.s:23     .text.Packet_Init:0000000000000000 $t
/var/folders/hf/1q98hq1x3fzgkd5ts8kwc2b00000gr/T//ccne2avC.s:28     .text.Packet_Init:0000000000000000 Packet_Init
/var/folders/hf/1q98hq1x3fzgkd5ts8kwc2b00000gr/T//ccne2avC.s:44     .text.Packet_SetCRC:0000000000000000 $t
/var/folders/hf/1q98hq1x3fzgkd5ts8kwc2b00000gr/T//ccne2avC.s:49     .text.Packet_SetCRC:0000000000000000 Packet_SetCRC
/var/folders/hf/1q98hq1x3fzgkd5ts8kwc2b00000gr/T//ccne2avC.s:76     .text.Packet_CheckCRC:0000000000000000 $t
/var/folders/hf/1q98hq1x3fzgkd5ts8kwc2b00000gr/T//ccne2avC.s:81     .text.Packet_CheckCRC:0000000000000000 Packet_CheckCRC
/var/folders/hf/1q98hq1x3fzgkd5ts8kwc2b00000gr/T//ccne2avC.s:125    .debug_frame:0000000000000010 $d

UNDEFINED SYMBOLS
RCC_AHBPeriphClockCmd
CRC_ResetDR
CRC_CalcBlockCRC
