   1              		.syntax unified
   2              		.cpu cortex-m3
   3              		.fpu softvfp
   4              		.eabi_attribute 20, 1
   5              		.eabi_attribute 21, 1
   6              		.eabi_attribute 23, 3
   7              		.eabi_attribute 24, 1
   8              		.eabi_attribute 25, 1
   9              		.eabi_attribute 26, 1
  10              		.eabi_attribute 30, 4
  11              		.eabi_attribute 18, 4
  12              		.thumb
  13              		.file	"stm32f10x_crc.c"
  21              	.Ltext0:
  22              		.section	.text.CRC_ResetDR,"ax",%progbits
  23              		.align	1
  24              		.global	CRC_ResetDR
  25              		.thumb
  26              		.thumb_func
  28              	CRC_ResetDR:
  29              	.LFB29:
  30              		.file 1 "../Libraries//STM32F10x_StdPeriph_Driver/src/stm32f10x_crc.c"
   1:../Libraries//STM32F10x_StdPeriph_Driver/src/stm32f10x_crc.c **** /**
   2:../Libraries//STM32F10x_StdPeriph_Driver/src/stm32f10x_crc.c ****   ******************************************************************************
   3:../Libraries//STM32F10x_StdPeriph_Driver/src/stm32f10x_crc.c ****   * @file    stm32f10x_crc.c
   4:../Libraries//STM32F10x_StdPeriph_Driver/src/stm32f10x_crc.c ****   * @author  MCD Application Team
   5:../Libraries//STM32F10x_StdPeriph_Driver/src/stm32f10x_crc.c ****   * @version V3.5.0
   6:../Libraries//STM32F10x_StdPeriph_Driver/src/stm32f10x_crc.c ****   * @date    11-March-2011
   7:../Libraries//STM32F10x_StdPeriph_Driver/src/stm32f10x_crc.c ****   * @brief   This file provides all the CRC firmware functions.
   8:../Libraries//STM32F10x_StdPeriph_Driver/src/stm32f10x_crc.c ****   ******************************************************************************
   9:../Libraries//STM32F10x_StdPeriph_Driver/src/stm32f10x_crc.c ****   * @attention
  10:../Libraries//STM32F10x_StdPeriph_Driver/src/stm32f10x_crc.c ****   *
  11:../Libraries//STM32F10x_StdPeriph_Driver/src/stm32f10x_crc.c ****   * THE PRESENT FIRMWARE WHICH IS FOR GUIDANCE ONLY AIMS AT PROVIDING CUSTOMERS
  12:../Libraries//STM32F10x_StdPeriph_Driver/src/stm32f10x_crc.c ****   * WITH CODING INFORMATION REGARDING THEIR PRODUCTS IN ORDER FOR THEM TO SAVE
  13:../Libraries//STM32F10x_StdPeriph_Driver/src/stm32f10x_crc.c ****   * TIME. AS A RESULT, STMICROELECTRONICS SHALL NOT BE HELD LIABLE FOR ANY
  14:../Libraries//STM32F10x_StdPeriph_Driver/src/stm32f10x_crc.c ****   * DIRECT, INDIRECT OR CONSEQUENTIAL DAMAGES WITH RESPECT TO ANY CLAIMS ARISING
  15:../Libraries//STM32F10x_StdPeriph_Driver/src/stm32f10x_crc.c ****   * FROM THE CONTENT OF SUCH FIRMWARE AND/OR THE USE MADE BY CUSTOMERS OF THE
  16:../Libraries//STM32F10x_StdPeriph_Driver/src/stm32f10x_crc.c ****   * CODING INFORMATION CONTAINED HEREIN IN CONNECTION WITH THEIR PRODUCTS.
  17:../Libraries//STM32F10x_StdPeriph_Driver/src/stm32f10x_crc.c ****   *
  18:../Libraries//STM32F10x_StdPeriph_Driver/src/stm32f10x_crc.c ****   * <h2><center>&copy; COPYRIGHT 2011 STMicroelectronics</center></h2>
  19:../Libraries//STM32F10x_StdPeriph_Driver/src/stm32f10x_crc.c ****   ******************************************************************************
  20:../Libraries//STM32F10x_StdPeriph_Driver/src/stm32f10x_crc.c ****   */
  21:../Libraries//STM32F10x_StdPeriph_Driver/src/stm32f10x_crc.c **** 
  22:../Libraries//STM32F10x_StdPeriph_Driver/src/stm32f10x_crc.c **** /* Includes ------------------------------------------------------------------*/
  23:../Libraries//STM32F10x_StdPeriph_Driver/src/stm32f10x_crc.c **** #include "stm32f10x_crc.h"
  24:../Libraries//STM32F10x_StdPeriph_Driver/src/stm32f10x_crc.c **** 
  25:../Libraries//STM32F10x_StdPeriph_Driver/src/stm32f10x_crc.c **** /** @addtogroup STM32F10x_StdPeriph_Driver
  26:../Libraries//STM32F10x_StdPeriph_Driver/src/stm32f10x_crc.c ****   * @{
  27:../Libraries//STM32F10x_StdPeriph_Driver/src/stm32f10x_crc.c ****   */
  28:../Libraries//STM32F10x_StdPeriph_Driver/src/stm32f10x_crc.c **** 
  29:../Libraries//STM32F10x_StdPeriph_Driver/src/stm32f10x_crc.c **** /** @defgroup CRC 
  30:../Libraries//STM32F10x_StdPeriph_Driver/src/stm32f10x_crc.c ****   * @brief CRC driver modules
  31:../Libraries//STM32F10x_StdPeriph_Driver/src/stm32f10x_crc.c ****   * @{
  32:../Libraries//STM32F10x_StdPeriph_Driver/src/stm32f10x_crc.c ****   */
  33:../Libraries//STM32F10x_StdPeriph_Driver/src/stm32f10x_crc.c **** 
  34:../Libraries//STM32F10x_StdPeriph_Driver/src/stm32f10x_crc.c **** /** @defgroup CRC_Private_TypesDefinitions
  35:../Libraries//STM32F10x_StdPeriph_Driver/src/stm32f10x_crc.c ****   * @{
  36:../Libraries//STM32F10x_StdPeriph_Driver/src/stm32f10x_crc.c ****   */
  37:../Libraries//STM32F10x_StdPeriph_Driver/src/stm32f10x_crc.c **** 
  38:../Libraries//STM32F10x_StdPeriph_Driver/src/stm32f10x_crc.c **** /**
  39:../Libraries//STM32F10x_StdPeriph_Driver/src/stm32f10x_crc.c ****   * @}
  40:../Libraries//STM32F10x_StdPeriph_Driver/src/stm32f10x_crc.c ****   */
  41:../Libraries//STM32F10x_StdPeriph_Driver/src/stm32f10x_crc.c **** 
  42:../Libraries//STM32F10x_StdPeriph_Driver/src/stm32f10x_crc.c **** /** @defgroup CRC_Private_Defines
  43:../Libraries//STM32F10x_StdPeriph_Driver/src/stm32f10x_crc.c ****   * @{
  44:../Libraries//STM32F10x_StdPeriph_Driver/src/stm32f10x_crc.c ****   */
  45:../Libraries//STM32F10x_StdPeriph_Driver/src/stm32f10x_crc.c **** 
  46:../Libraries//STM32F10x_StdPeriph_Driver/src/stm32f10x_crc.c **** /**
  47:../Libraries//STM32F10x_StdPeriph_Driver/src/stm32f10x_crc.c ****   * @}
  48:../Libraries//STM32F10x_StdPeriph_Driver/src/stm32f10x_crc.c ****   */
  49:../Libraries//STM32F10x_StdPeriph_Driver/src/stm32f10x_crc.c **** 
  50:../Libraries//STM32F10x_StdPeriph_Driver/src/stm32f10x_crc.c **** /** @defgroup CRC_Private_Macros
  51:../Libraries//STM32F10x_StdPeriph_Driver/src/stm32f10x_crc.c ****   * @{
  52:../Libraries//STM32F10x_StdPeriph_Driver/src/stm32f10x_crc.c ****   */
  53:../Libraries//STM32F10x_StdPeriph_Driver/src/stm32f10x_crc.c **** 
  54:../Libraries//STM32F10x_StdPeriph_Driver/src/stm32f10x_crc.c **** /**
  55:../Libraries//STM32F10x_StdPeriph_Driver/src/stm32f10x_crc.c ****   * @}
  56:../Libraries//STM32F10x_StdPeriph_Driver/src/stm32f10x_crc.c ****   */
  57:../Libraries//STM32F10x_StdPeriph_Driver/src/stm32f10x_crc.c **** 
  58:../Libraries//STM32F10x_StdPeriph_Driver/src/stm32f10x_crc.c **** /** @defgroup CRC_Private_Variables
  59:../Libraries//STM32F10x_StdPeriph_Driver/src/stm32f10x_crc.c ****   * @{
  60:../Libraries//STM32F10x_StdPeriph_Driver/src/stm32f10x_crc.c ****   */
  61:../Libraries//STM32F10x_StdPeriph_Driver/src/stm32f10x_crc.c **** 
  62:../Libraries//STM32F10x_StdPeriph_Driver/src/stm32f10x_crc.c **** /**
  63:../Libraries//STM32F10x_StdPeriph_Driver/src/stm32f10x_crc.c ****   * @}
  64:../Libraries//STM32F10x_StdPeriph_Driver/src/stm32f10x_crc.c ****   */
  65:../Libraries//STM32F10x_StdPeriph_Driver/src/stm32f10x_crc.c **** 
  66:../Libraries//STM32F10x_StdPeriph_Driver/src/stm32f10x_crc.c **** /** @defgroup CRC_Private_FunctionPrototypes
  67:../Libraries//STM32F10x_StdPeriph_Driver/src/stm32f10x_crc.c ****   * @{
  68:../Libraries//STM32F10x_StdPeriph_Driver/src/stm32f10x_crc.c ****   */
  69:../Libraries//STM32F10x_StdPeriph_Driver/src/stm32f10x_crc.c **** 
  70:../Libraries//STM32F10x_StdPeriph_Driver/src/stm32f10x_crc.c **** /**
  71:../Libraries//STM32F10x_StdPeriph_Driver/src/stm32f10x_crc.c ****   * @}
  72:../Libraries//STM32F10x_StdPeriph_Driver/src/stm32f10x_crc.c ****   */
  73:../Libraries//STM32F10x_StdPeriph_Driver/src/stm32f10x_crc.c **** 
  74:../Libraries//STM32F10x_StdPeriph_Driver/src/stm32f10x_crc.c **** /** @defgroup CRC_Private_Functions
  75:../Libraries//STM32F10x_StdPeriph_Driver/src/stm32f10x_crc.c ****   * @{
  76:../Libraries//STM32F10x_StdPeriph_Driver/src/stm32f10x_crc.c ****   */
  77:../Libraries//STM32F10x_StdPeriph_Driver/src/stm32f10x_crc.c **** 
  78:../Libraries//STM32F10x_StdPeriph_Driver/src/stm32f10x_crc.c **** /**
  79:../Libraries//STM32F10x_StdPeriph_Driver/src/stm32f10x_crc.c ****   * @brief  Resets the CRC Data register (DR).
  80:../Libraries//STM32F10x_StdPeriph_Driver/src/stm32f10x_crc.c ****   * @param  None
  81:../Libraries//STM32F10x_StdPeriph_Driver/src/stm32f10x_crc.c ****   * @retval None
  82:../Libraries//STM32F10x_StdPeriph_Driver/src/stm32f10x_crc.c ****   */
  83:../Libraries//STM32F10x_StdPeriph_Driver/src/stm32f10x_crc.c **** void CRC_ResetDR(void)
  84:../Libraries//STM32F10x_StdPeriph_Driver/src/stm32f10x_crc.c **** {
  31              		.loc 1 84 0
  32              		@ args = 0, pretend = 0, frame = 0
  33              		@ frame_needed = 0, uses_anonymous_args = 0
  34              		@ link register save eliminated.
  85:../Libraries//STM32F10x_StdPeriph_Driver/src/stm32f10x_crc.c ****   /* Reset CRC generator */
  86:../Libraries//STM32F10x_StdPeriph_Driver/src/stm32f10x_crc.c ****   CRC->CR = CRC_CR_RESET;
  35              		.loc 1 86 0
  36 0000 014B     		ldr	r3, .L2
  37 0002 0122     		movs	r2, #1
  38 0004 9A60     		str	r2, [r3, #8]
  87:../Libraries//STM32F10x_StdPeriph_Driver/src/stm32f10x_crc.c **** }
  39              		.loc 1 87 0
  40 0006 7047     		bx	lr
  41              	.L3:
  42              		.align	2
  43              	.L2:
  44 0008 00300240 		.word	1073885184
  45              	.LFE29:
  47              		.section	.text.CRC_CalcCRC,"ax",%progbits
  48              		.align	1
  49              		.global	CRC_CalcCRC
  50              		.thumb
  51              		.thumb_func
  53              	CRC_CalcCRC:
  54              	.LFB30:
  88:../Libraries//STM32F10x_StdPeriph_Driver/src/stm32f10x_crc.c **** 
  89:../Libraries//STM32F10x_StdPeriph_Driver/src/stm32f10x_crc.c **** /**
  90:../Libraries//STM32F10x_StdPeriph_Driver/src/stm32f10x_crc.c ****   * @brief  Computes the 32-bit CRC of a given data word(32-bit).
  91:../Libraries//STM32F10x_StdPeriph_Driver/src/stm32f10x_crc.c ****   * @param  Data: data word(32-bit) to compute its CRC
  92:../Libraries//STM32F10x_StdPeriph_Driver/src/stm32f10x_crc.c ****   * @retval 32-bit CRC
  93:../Libraries//STM32F10x_StdPeriph_Driver/src/stm32f10x_crc.c ****   */
  94:../Libraries//STM32F10x_StdPeriph_Driver/src/stm32f10x_crc.c **** uint32_t CRC_CalcCRC(uint32_t Data)
  95:../Libraries//STM32F10x_StdPeriph_Driver/src/stm32f10x_crc.c **** {
  55              		.loc 1 95 0
  56              		@ args = 0, pretend = 0, frame = 0
  57              		@ frame_needed = 0, uses_anonymous_args = 0
  58              		@ link register save eliminated.
  59              	.LVL0:
  96:../Libraries//STM32F10x_StdPeriph_Driver/src/stm32f10x_crc.c ****   CRC->DR = Data;
  60              		.loc 1 96 0
  61 0000 014B     		ldr	r3, .L5
  62 0002 1860     		str	r0, [r3, #0]
  97:../Libraries//STM32F10x_StdPeriph_Driver/src/stm32f10x_crc.c ****   
  98:../Libraries//STM32F10x_StdPeriph_Driver/src/stm32f10x_crc.c ****   return (CRC->DR);
  63              		.loc 1 98 0
  64 0004 1868     		ldr	r0, [r3, #0]
  65              	.LVL1:
  99:../Libraries//STM32F10x_StdPeriph_Driver/src/stm32f10x_crc.c **** }
  66              		.loc 1 99 0
  67 0006 7047     		bx	lr
  68              	.L6:
  69              		.align	2
  70              	.L5:
  71 0008 00300240 		.word	1073885184
  72              	.LFE30:
  74              		.section	.text.CRC_CalcBlockCRC,"ax",%progbits
  75              		.align	1
  76              		.global	CRC_CalcBlockCRC
  77              		.thumb
  78              		.thumb_func
  80              	CRC_CalcBlockCRC:
  81              	.LFB31:
 100:../Libraries//STM32F10x_StdPeriph_Driver/src/stm32f10x_crc.c **** 
 101:../Libraries//STM32F10x_StdPeriph_Driver/src/stm32f10x_crc.c **** /**
 102:../Libraries//STM32F10x_StdPeriph_Driver/src/stm32f10x_crc.c ****   * @brief  Computes the 32-bit CRC of a given buffer of data word(32-bit).
 103:../Libraries//STM32F10x_StdPeriph_Driver/src/stm32f10x_crc.c ****   * @param  pBuffer: pointer to the buffer containing the data to be computed
 104:../Libraries//STM32F10x_StdPeriph_Driver/src/stm32f10x_crc.c ****   * @param  BufferLength: length of the buffer to be computed					
 105:../Libraries//STM32F10x_StdPeriph_Driver/src/stm32f10x_crc.c ****   * @retval 32-bit CRC
 106:../Libraries//STM32F10x_StdPeriph_Driver/src/stm32f10x_crc.c ****   */
 107:../Libraries//STM32F10x_StdPeriph_Driver/src/stm32f10x_crc.c **** uint32_t CRC_CalcBlockCRC(uint32_t pBuffer[], uint32_t BufferLength)
 108:../Libraries//STM32F10x_StdPeriph_Driver/src/stm32f10x_crc.c **** {
  82              		.loc 1 108 0
  83              		@ args = 0, pretend = 0, frame = 0
  84              		@ frame_needed = 0, uses_anonymous_args = 0
  85              	.LVL2:
  86 0000 10B5     		push	{r4, lr}
  87              	.LCFI0:
 109:../Libraries//STM32F10x_StdPeriph_Driver/src/stm32f10x_crc.c ****   uint32_t index = 0;
 110:../Libraries//STM32F10x_StdPeriph_Driver/src/stm32f10x_crc.c ****   
 111:../Libraries//STM32F10x_StdPeriph_Driver/src/stm32f10x_crc.c ****   for(index = 0; index < BufferLength; index++)
  88              		.loc 1 111 0
  89 0002 0023     		movs	r3, #0
  90 0004 054A     		ldr	r2, .L10
  91 0006 03E0     		b	.L8
  92              	.LVL3:
  93              	.L9:
 112:../Libraries//STM32F10x_StdPeriph_Driver/src/stm32f10x_crc.c ****   {
 113:../Libraries//STM32F10x_StdPeriph_Driver/src/stm32f10x_crc.c ****     CRC->DR = pBuffer[index];
  94              		.loc 1 113 0 discriminator 2
  95 0008 50F8044B 		ldr	r4, [r0], #4
 111:../Libraries//STM32F10x_StdPeriph_Driver/src/stm32f10x_crc.c ****   for(index = 0; index < BufferLength; index++)
  96              		.loc 1 111 0 discriminator 2
  97 000c 0133     		adds	r3, r3, #1
  98              	.LVL4:
  99              		.loc 1 113 0 discriminator 2
 100 000e 1460     		str	r4, [r2, #0]
 101              	.LVL5:
 102              	.L8:
 111:../Libraries//STM32F10x_StdPeriph_Driver/src/stm32f10x_crc.c ****   for(index = 0; index < BufferLength; index++)
 103              		.loc 1 111 0 discriminator 1
 104 0010 8B42     		cmp	r3, r1
 105 0012 F9D3     		bcc	.L9
 114:../Libraries//STM32F10x_StdPeriph_Driver/src/stm32f10x_crc.c ****   }
 115:../Libraries//STM32F10x_StdPeriph_Driver/src/stm32f10x_crc.c ****   return (CRC->DR);
 106              		.loc 1 115 0
 107 0014 014B     		ldr	r3, .L10
 108              	.LVL6:
 109 0016 1868     		ldr	r0, [r3, #0]
 116:../Libraries//STM32F10x_StdPeriph_Driver/src/stm32f10x_crc.c **** }
 110              		.loc 1 116 0
 111 0018 10BD     		pop	{r4, pc}
 112              	.L11:
 113 001a 00BF     		.align	2
 114              	.L10:
 115 001c 00300240 		.word	1073885184
 116              	.LFE31:
 118              		.section	.text.CRC_GetCRC,"ax",%progbits
 119              		.align	1
 120              		.global	CRC_GetCRC
 121              		.thumb
 122              		.thumb_func
 124              	CRC_GetCRC:
 125              	.LFB32:
 117:../Libraries//STM32F10x_StdPeriph_Driver/src/stm32f10x_crc.c **** 
 118:../Libraries//STM32F10x_StdPeriph_Driver/src/stm32f10x_crc.c **** /**
 119:../Libraries//STM32F10x_StdPeriph_Driver/src/stm32f10x_crc.c ****   * @brief  Returns the current CRC value.
 120:../Libraries//STM32F10x_StdPeriph_Driver/src/stm32f10x_crc.c ****   * @param  None
 121:../Libraries//STM32F10x_StdPeriph_Driver/src/stm32f10x_crc.c ****   * @retval 32-bit CRC
 122:../Libraries//STM32F10x_StdPeriph_Driver/src/stm32f10x_crc.c ****   */
 123:../Libraries//STM32F10x_StdPeriph_Driver/src/stm32f10x_crc.c **** uint32_t CRC_GetCRC(void)
 124:../Libraries//STM32F10x_StdPeriph_Driver/src/stm32f10x_crc.c **** {
 126              		.loc 1 124 0
 127              		@ args = 0, pretend = 0, frame = 0
 128              		@ frame_needed = 0, uses_anonymous_args = 0
 129              		@ link register save eliminated.
 125:../Libraries//STM32F10x_StdPeriph_Driver/src/stm32f10x_crc.c ****   return (CRC->DR);
 130              		.loc 1 125 0
 131 0000 014B     		ldr	r3, .L13
 132 0002 1868     		ldr	r0, [r3, #0]
 126:../Libraries//STM32F10x_StdPeriph_Driver/src/stm32f10x_crc.c **** }
 133              		.loc 1 126 0
 134 0004 7047     		bx	lr
 135              	.L14:
 136 0006 00BF     		.align	2
 137              	.L13:
 138 0008 00300240 		.word	1073885184
 139              	.LFE32:
 141              		.section	.text.CRC_SetIDRegister,"ax",%progbits
 142              		.align	1
 143              		.global	CRC_SetIDRegister
 144              		.thumb
 145              		.thumb_func
 147              	CRC_SetIDRegister:
 148              	.LFB33:
 127:../Libraries//STM32F10x_StdPeriph_Driver/src/stm32f10x_crc.c **** 
 128:../Libraries//STM32F10x_StdPeriph_Driver/src/stm32f10x_crc.c **** /**
 129:../Libraries//STM32F10x_StdPeriph_Driver/src/stm32f10x_crc.c ****   * @brief  Stores a 8-bit data in the Independent Data(ID) register.
 130:../Libraries//STM32F10x_StdPeriph_Driver/src/stm32f10x_crc.c ****   * @param  IDValue: 8-bit value to be stored in the ID register 					
 131:../Libraries//STM32F10x_StdPeriph_Driver/src/stm32f10x_crc.c ****   * @retval None
 132:../Libraries//STM32F10x_StdPeriph_Driver/src/stm32f10x_crc.c ****   */
 133:../Libraries//STM32F10x_StdPeriph_Driver/src/stm32f10x_crc.c **** void CRC_SetIDRegister(uint8_t IDValue)
 134:../Libraries//STM32F10x_StdPeriph_Driver/src/stm32f10x_crc.c **** {
 149              		.loc 1 134 0
 150              		@ args = 0, pretend = 0, frame = 0
 151              		@ frame_needed = 0, uses_anonymous_args = 0
 152              		@ link register save eliminated.
 153              	.LVL7:
 135:../Libraries//STM32F10x_StdPeriph_Driver/src/stm32f10x_crc.c ****   CRC->IDR = IDValue;
 154              		.loc 1 135 0
 155 0000 014B     		ldr	r3, .L16
 156 0002 1871     		strb	r0, [r3, #4]
 136:../Libraries//STM32F10x_StdPeriph_Driver/src/stm32f10x_crc.c **** }
 157              		.loc 1 136 0
 158 0004 7047     		bx	lr
 159              	.L17:
 160 0006 00BF     		.align	2
 161              	.L16:
 162 0008 00300240 		.word	1073885184
 163              	.LFE33:
 165              		.section	.text.CRC_GetIDRegister,"ax",%progbits
 166              		.align	1
 167              		.global	CRC_GetIDRegister
 168              		.thumb
 169              		.thumb_func
 171              	CRC_GetIDRegister:
 172              	.LFB34:
 137:../Libraries//STM32F10x_StdPeriph_Driver/src/stm32f10x_crc.c **** 
 138:../Libraries//STM32F10x_StdPeriph_Driver/src/stm32f10x_crc.c **** /**
 139:../Libraries//STM32F10x_StdPeriph_Driver/src/stm32f10x_crc.c ****   * @brief  Returns the 8-bit data stored in the Independent Data(ID) register
 140:../Libraries//STM32F10x_StdPeriph_Driver/src/stm32f10x_crc.c ****   * @param  None
 141:../Libraries//STM32F10x_StdPeriph_Driver/src/stm32f10x_crc.c ****   * @retval 8-bit value of the ID register 
 142:../Libraries//STM32F10x_StdPeriph_Driver/src/stm32f10x_crc.c ****   */
 143:../Libraries//STM32F10x_StdPeriph_Driver/src/stm32f10x_crc.c **** uint8_t CRC_GetIDRegister(void)
 144:../Libraries//STM32F10x_StdPeriph_Driver/src/stm32f10x_crc.c **** {
 173              		.loc 1 144 0
 174              		@ args = 0, pretend = 0, frame = 0
 175              		@ frame_needed = 0, uses_anonymous_args = 0
 176              		@ link register save eliminated.
 145:../Libraries//STM32F10x_StdPeriph_Driver/src/stm32f10x_crc.c ****   return (CRC->IDR);
 177              		.loc 1 145 0
 178 0000 014B     		ldr	r3, .L19
 179 0002 1879     		ldrb	r0, [r3, #4]	@ zero_extendqisi2
 146:../Libraries//STM32F10x_StdPeriph_Driver/src/stm32f10x_crc.c **** }
 180              		.loc 1 146 0
 181 0004 7047     		bx	lr
 182              	.L20:
 183 0006 00BF     		.align	2
 184              	.L19:
 185 0008 00300240 		.word	1073885184
 186              	.LFE34:
 260              	.Letext0:
DEFINED SYMBOLS
                            *ABS*:0000000000000000 stm32f10x_crc.c
/var/folders/hf/1q98hq1x3fzgkd5ts8kwc2b00000gr/T//cc0rwjIN.s:23     .text.CRC_ResetDR:0000000000000000 $t
/var/folders/hf/1q98hq1x3fzgkd5ts8kwc2b00000gr/T//cc0rwjIN.s:28     .text.CRC_ResetDR:0000000000000000 CRC_ResetDR
/var/folders/hf/1q98hq1x3fzgkd5ts8kwc2b00000gr/T//cc0rwjIN.s:44     .text.CRC_ResetDR:0000000000000008 $d
/var/folders/hf/1q98hq1x3fzgkd5ts8kwc2b00000gr/T//cc0rwjIN.s:48     .text.CRC_CalcCRC:0000000000000000 $t
/var/folders/hf/1q98hq1x3fzgkd5ts8kwc2b00000gr/T//cc0rwjIN.s:53     .text.CRC_CalcCRC:0000000000000000 CRC_CalcCRC
/var/folders/hf/1q98hq1x3fzgkd5ts8kwc2b00000gr/T//cc0rwjIN.s:71     .text.CRC_CalcCRC:0000000000000008 $d
/var/folders/hf/1q98hq1x3fzgkd5ts8kwc2b00000gr/T//cc0rwjIN.s:75     .text.CRC_CalcBlockCRC:0000000000000000 $t
/var/folders/hf/1q98hq1x3fzgkd5ts8kwc2b00000gr/T//cc0rwjIN.s:80     .text.CRC_CalcBlockCRC:0000000000000000 CRC_CalcBlockCRC
/var/folders/hf/1q98hq1x3fzgkd5ts8kwc2b00000gr/T//cc0rwjIN.s:115    .text.CRC_CalcBlockCRC:000000000000001c $d
/var/folders/hf/1q98hq1x3fzgkd5ts8kwc2b00000gr/T//cc0rwjIN.s:119    .text.CRC_GetCRC:0000000000000000 $t
/var/folders/hf/1q98hq1x3fzgkd5ts8kwc2b00000gr/T//cc0rwjIN.s:124    .text.CRC_GetCRC:0000000000000000 CRC_GetCRC
/var/folders/hf/1q98hq1x3fzgkd5ts8kwc2b00000gr/T//cc0rwjIN.s:138    .text.CRC_GetCRC:0000000000000008 $d
/var/folders/hf/1q98hq1x3fzgkd5ts8kwc2b00000gr/T//cc0rwjIN.s:142    .text.CRC_SetIDRegister:0000000000000000 $t
/var/folders/hf/1q98hq1x3fzgkd5ts8kwc2b00000gr/T//cc0rwjIN.s:147    .text.CRC_SetIDRegister:0000000000000000 CRC_SetIDRegister
/var/folders/hf/1q98hq1x3fzgkd5ts8kwc2b00000gr/T//cc0rwjIN.s:162    .text.CRC_SetIDRegister:0000000000000008 $d
/var/folders/hf/1q98hq1x3fzgkd5ts8kwc2b00000gr/T//cc0rwjIN.s:166    .text.CRC_GetIDRegister:0000000000000000 $t
/var/folders/hf/1q98hq1x3fzgkd5ts8kwc2b00000gr/T//cc0rwjIN.s:171    .text.CRC_GetIDRegister:0000000000000000 CRC_GetIDRegister
/var/folders/hf/1q98hq1x3fzgkd5ts8kwc2b00000gr/T//cc0rwjIN.s:185    .text.CRC_GetIDRegister:0000000000000008 $d
/var/folders/hf/1q98hq1x3fzgkd5ts8kwc2b00000gr/T//cc0rwjIN.s:201    .debug_frame:0000000000000010 $d

NO UNDEFINED SYMBOLS
