   1              		.syntax unified
   2              		.cpu cortex-m3
   3              		.fpu softvfp
   4              		.eabi_attribute 20, 1
   5              		.eabi_attribute 21, 1
   6              		.eabi_attribute 23, 3
   7              		.eabi_attribute 24, 1
   8              		.eabi_attribute 25, 1
   9              		.eabi_attribute 26, 1
  10              		.eabi_attribute 30, 4
  11              		.eabi_attribute 18, 4
  12              		.thumb
  13              		.file	"stm32f10x_it.c"
  21              	.Ltext0:
  22              		.section	.text.NMI_Handler,"ax",%progbits
  23              		.align	1
  24              		.global	NMI_Handler
  25              		.thumb
  26              		.thumb_func
  28              	NMI_Handler:
  29              	.LFB29:
  30              		.file 1 "stm32f10x_it.c"
   1:stm32f10x_it.c **** /**
   2:stm32f10x_it.c ****   ******************************************************************************
   3:stm32f10x_it.c ****   * @file    Project/Template/stm32f10x_it.c 
   4:stm32f10x_it.c ****   * @author  MCD Application Team
   5:stm32f10x_it.c ****   * @version V3.1.0
   6:stm32f10x_it.c ****   * @date    06/19/2009
   7:stm32f10x_it.c ****   * @brief   Main Interrupt Service Routines.
   8:stm32f10x_it.c ****   *          This file provides template for all exceptions handler and 
   9:stm32f10x_it.c ****   *          peripherals interrupt service routine.
  10:stm32f10x_it.c ****   ******************************************************************************
  11:stm32f10x_it.c ****   * @copy
  12:stm32f10x_it.c ****   *
  13:stm32f10x_it.c ****   * THE PRESENT FIRMWARE WHICH IS FOR GUIDANCE ONLY AIMS AT PROVIDING CUSTOMERS
  14:stm32f10x_it.c ****   * WITH CODING INFORMATION REGARDING THEIR PRODUCTS IN ORDER FOR THEM TO SAVE
  15:stm32f10x_it.c ****   * TIME. AS A RESULT, STMICROELECTRONICS SHALL NOT BE HELD LIABLE FOR ANY
  16:stm32f10x_it.c ****   * DIRECT, INDIRECT OR CONSEQUENTIAL DAMAGES WITH RESPECT TO ANY CLAIMS ARISING
  17:stm32f10x_it.c ****   * FROM THE CONTENT OF SUCH FIRMWARE AND/OR THE USE MADE BY CUSTOMERS OF THE
  18:stm32f10x_it.c ****   * CODING INFORMATION CONTAINED HEREIN IN CONNECTION WITH THEIR PRODUCTS.
  19:stm32f10x_it.c ****   *
  20:stm32f10x_it.c ****   * <h2><center>&copy; COPYRIGHT 2009 STMicroelectronics</center></h2>
  21:stm32f10x_it.c ****   */ 
  22:stm32f10x_it.c **** 
  23:stm32f10x_it.c **** /* Includes ------------------------------------------------------------------*/
  24:stm32f10x_it.c **** #include "stm32f10x_it.h"
  25:stm32f10x_it.c **** 
  26:stm32f10x_it.c **** void LED_Toggle(int led);
  27:stm32f10x_it.c **** extern unsigned char LEDS[1024];
  28:stm32f10x_it.c **** /** @addtogroup Template_Project
  29:stm32f10x_it.c ****   * @{
  30:stm32f10x_it.c ****   */
  31:stm32f10x_it.c **** 
  32:stm32f10x_it.c **** /* Private typedef -----------------------------------------------------------*/
  33:stm32f10x_it.c **** /* Private define ------------------------------------------------------------*/
  34:stm32f10x_it.c **** /* Private macro -------------------------------------------------------------*/
  35:stm32f10x_it.c **** /* Private variables ---------------------------------------------------------*/
  36:stm32f10x_it.c **** /* Private function prototypes -----------------------------------------------*/
  37:stm32f10x_it.c **** /* Private functions ---------------------------------------------------------*/
  38:stm32f10x_it.c **** 
  39:stm32f10x_it.c **** /******************************************************************************/
  40:stm32f10x_it.c **** /*            Cortex-M3 Processor Exceptions Handlers                         */
  41:stm32f10x_it.c **** /******************************************************************************/
  42:stm32f10x_it.c **** 
  43:stm32f10x_it.c **** /**
  44:stm32f10x_it.c ****   * @brief   This function handles NMI exception.
  45:stm32f10x_it.c ****   * @param  None
  46:stm32f10x_it.c ****   * @retval None
  47:stm32f10x_it.c ****   */
  48:stm32f10x_it.c **** void NMI_Handler(void)
  49:stm32f10x_it.c **** {
  31              		.loc 1 49 0
  32              		@ args = 0, pretend = 0, frame = 0
  33              		@ frame_needed = 0, uses_anonymous_args = 0
  34              		@ link register save eliminated.
  50:stm32f10x_it.c **** }
  35              		.loc 1 50 0
  36 0000 7047     		bx	lr
  37              	.LFE29:
  39              		.section	.text.HardFault_Handler,"ax",%progbits
  40              		.align	1
  41              		.global	HardFault_Handler
  42              		.thumb
  43              		.thumb_func
  45              	HardFault_Handler:
  46              	.LFB30:
  51:stm32f10x_it.c **** 
  52:stm32f10x_it.c **** /**
  53:stm32f10x_it.c ****   * @brief  This function handles Hard Fault exception.
  54:stm32f10x_it.c ****   * @param  None
  55:stm32f10x_it.c ****   * @retval None
  56:stm32f10x_it.c ****   */
  57:stm32f10x_it.c **** void HardFault_Handler(void)
  58:stm32f10x_it.c **** {
  47              		.loc 1 58 0
  48              		@ args = 0, pretend = 0, frame = 0
  49              		@ frame_needed = 0, uses_anonymous_args = 0
  50              		@ link register save eliminated.
  51              	.L3:
  52 0000 FEE7     		b	.L3
  53              	.LFE30:
  55              		.section	.text.MemManage_Handler,"ax",%progbits
  56              		.align	1
  57              		.global	MemManage_Handler
  58              		.thumb
  59              		.thumb_func
  61              	MemManage_Handler:
  62              	.LFB31:
  59:stm32f10x_it.c ****   /* Go to infinite loop when Hard Fault exception occurs */
  60:stm32f10x_it.c ****   while (1)
  61:stm32f10x_it.c ****   {
  62:stm32f10x_it.c ****   }
  63:stm32f10x_it.c **** }
  64:stm32f10x_it.c **** 
  65:stm32f10x_it.c **** /**
  66:stm32f10x_it.c ****   * @brief  This function handles Memory Manage exception.
  67:stm32f10x_it.c ****   * @param  None
  68:stm32f10x_it.c ****   * @retval None
  69:stm32f10x_it.c ****   */
  70:stm32f10x_it.c **** void MemManage_Handler(void)
  71:stm32f10x_it.c **** {
  63              		.loc 1 71 0
  64              		@ args = 0, pretend = 0, frame = 0
  65              		@ frame_needed = 0, uses_anonymous_args = 0
  66              		@ link register save eliminated.
  67              	.L5:
  68 0000 FEE7     		b	.L5
  69              	.LFE31:
  71              		.section	.text.BusFault_Handler,"ax",%progbits
  72              		.align	1
  73              		.global	BusFault_Handler
  74              		.thumb
  75              		.thumb_func
  77              	BusFault_Handler:
  78              	.LFB32:
  72:stm32f10x_it.c ****   /* Go to infinite loop when Memory Manage exception occurs */
  73:stm32f10x_it.c ****   while (1)
  74:stm32f10x_it.c ****   {
  75:stm32f10x_it.c ****   }
  76:stm32f10x_it.c **** }
  77:stm32f10x_it.c **** 
  78:stm32f10x_it.c **** /**
  79:stm32f10x_it.c ****   * @brief  This function handles Bus Fault exception.
  80:stm32f10x_it.c ****   * @param  None
  81:stm32f10x_it.c ****   * @retval None
  82:stm32f10x_it.c ****   */
  83:stm32f10x_it.c **** void BusFault_Handler(void)
  84:stm32f10x_it.c **** {
  79              		.loc 1 84 0
  80              		@ args = 0, pretend = 0, frame = 0
  81              		@ frame_needed = 0, uses_anonymous_args = 0
  82              		@ link register save eliminated.
  83              	.L7:
  84 0000 FEE7     		b	.L7
  85              	.LFE32:
  87              		.section	.text.UsageFault_Handler,"ax",%progbits
  88              		.align	1
  89              		.global	UsageFault_Handler
  90              		.thumb
  91              		.thumb_func
  93              	UsageFault_Handler:
  94              	.LFB33:
  85:stm32f10x_it.c ****   /* Go to infinite loop when Bus Fault exception occurs */
  86:stm32f10x_it.c ****   while (1)
  87:stm32f10x_it.c ****   {
  88:stm32f10x_it.c ****   }
  89:stm32f10x_it.c **** }
  90:stm32f10x_it.c **** 
  91:stm32f10x_it.c **** /**
  92:stm32f10x_it.c ****   * @brief  This function handles Usage Fault exception.
  93:stm32f10x_it.c ****   * @param  None
  94:stm32f10x_it.c ****   * @retval None
  95:stm32f10x_it.c ****   */
  96:stm32f10x_it.c **** void UsageFault_Handler(void)
  97:stm32f10x_it.c **** {
  95              		.loc 1 97 0
  96              		@ args = 0, pretend = 0, frame = 0
  97              		@ frame_needed = 0, uses_anonymous_args = 0
  98              		@ link register save eliminated.
  99              	.L9:
 100 0000 FEE7     		b	.L9
 101              	.LFE33:
 103              		.section	.text.SVC_Handler,"ax",%progbits
 104              		.align	1
 105              		.global	SVC_Handler
 106              		.thumb
 107              		.thumb_func
 109              	SVC_Handler:
 110              	.LFB34:
  98:stm32f10x_it.c ****   /* Go to infinite loop when Usage Fault exception occurs */
  99:stm32f10x_it.c ****   while (1)
 100:stm32f10x_it.c ****   {
 101:stm32f10x_it.c ****   }
 102:stm32f10x_it.c **** }
 103:stm32f10x_it.c **** 
 104:stm32f10x_it.c **** /**
 105:stm32f10x_it.c ****   * @brief  This function handles SVCall exception.
 106:stm32f10x_it.c ****   * @param  None
 107:stm32f10x_it.c ****   * @retval None
 108:stm32f10x_it.c ****   */
 109:stm32f10x_it.c **** void SVC_Handler(void)
 110:stm32f10x_it.c **** {
 111              		.loc 1 110 0
 112              		@ args = 0, pretend = 0, frame = 0
 113              		@ frame_needed = 0, uses_anonymous_args = 0
 114              		@ link register save eliminated.
 111:stm32f10x_it.c **** }
 115              		.loc 1 111 0
 116 0000 7047     		bx	lr
 117              	.LFE34:
 119              		.section	.text.DebugMon_Handler,"ax",%progbits
 120              		.align	1
 121              		.global	DebugMon_Handler
 122              		.thumb
 123              		.thumb_func
 125              	DebugMon_Handler:
 126              	.LFB35:
 112:stm32f10x_it.c **** 
 113:stm32f10x_it.c **** /**
 114:stm32f10x_it.c ****   * @brief  This function handles Debug Monitor exception.
 115:stm32f10x_it.c ****   * @param  None
 116:stm32f10x_it.c ****   * @retval None
 117:stm32f10x_it.c ****   */
 118:stm32f10x_it.c **** void DebugMon_Handler(void)
 119:stm32f10x_it.c **** {
 127              		.loc 1 119 0
 128              		@ args = 0, pretend = 0, frame = 0
 129              		@ frame_needed = 0, uses_anonymous_args = 0
 130              		@ link register save eliminated.
 120:stm32f10x_it.c **** }
 131              		.loc 1 120 0
 132 0000 7047     		bx	lr
 133              	.LFE35:
 135              		.section	.text.PendSV_Handler,"ax",%progbits
 136              		.align	1
 137              		.global	PendSV_Handler
 138              		.thumb
 139              		.thumb_func
 141              	PendSV_Handler:
 142              	.LFB36:
 121:stm32f10x_it.c **** 
 122:stm32f10x_it.c **** /**
 123:stm32f10x_it.c ****   * @brief  This function handles PendSVC exception.
 124:stm32f10x_it.c ****   * @param  None
 125:stm32f10x_it.c ****   * @retval None
 126:stm32f10x_it.c ****   */
 127:stm32f10x_it.c **** void PendSV_Handler(void)
 128:stm32f10x_it.c **** {
 143              		.loc 1 128 0
 144              		@ args = 0, pretend = 0, frame = 0
 145              		@ frame_needed = 0, uses_anonymous_args = 0
 146              		@ link register save eliminated.
 129:stm32f10x_it.c **** }
 147              		.loc 1 129 0
 148 0000 7047     		bx	lr
 149              	.LFE36:
 151              		.section	.text.SysTick_Handler,"ax",%progbits
 152              		.align	1
 153              		.global	SysTick_Handler
 154              		.thumb
 155              		.thumb_func
 157              	SysTick_Handler:
 158              	.LFB37:
 130:stm32f10x_it.c **** 
 131:stm32f10x_it.c **** /**
 132:stm32f10x_it.c ****   * @brief  This function handles SysTick Handler.
 133:stm32f10x_it.c ****   * @param  None
 134:stm32f10x_it.c ****   * @retval None
 135:stm32f10x_it.c ****   */
 136:stm32f10x_it.c **** void SysTick_Handler(void)
 137:stm32f10x_it.c **** {
 159              		.loc 1 137 0
 160              		@ args = 0, pretend = 0, frame = 0
 161              		@ frame_needed = 0, uses_anonymous_args = 0
 162              		@ link register save eliminated.
 138:stm32f10x_it.c **** }
 163              		.loc 1 138 0
 164 0000 7047     		bx	lr
 165              	.LFE37:
 167              		.comm	lv,1,1
 256              	.Letext0:
 257              		.file 2 "../Libraries//CMSIS/CM3/CoreSupport/core_cm3.h"
DEFINED SYMBOLS
                            *ABS*:0000000000000000 stm32f10x_it.c
/var/folders/hf/1q98hq1x3fzgkd5ts8kwc2b00000gr/T//ccKzWlx3.s:23     .text.NMI_Handler:0000000000000000 $t
/var/folders/hf/1q98hq1x3fzgkd5ts8kwc2b00000gr/T//ccKzWlx3.s:28     .text.NMI_Handler:0000000000000000 NMI_Handler
/var/folders/hf/1q98hq1x3fzgkd5ts8kwc2b00000gr/T//ccKzWlx3.s:40     .text.HardFault_Handler:0000000000000000 $t
/var/folders/hf/1q98hq1x3fzgkd5ts8kwc2b00000gr/T//ccKzWlx3.s:45     .text.HardFault_Handler:0000000000000000 HardFault_Handler
/var/folders/hf/1q98hq1x3fzgkd5ts8kwc2b00000gr/T//ccKzWlx3.s:56     .text.MemManage_Handler:0000000000000000 $t
/var/folders/hf/1q98hq1x3fzgkd5ts8kwc2b00000gr/T//ccKzWlx3.s:61     .text.MemManage_Handler:0000000000000000 MemManage_Handler
/var/folders/hf/1q98hq1x3fzgkd5ts8kwc2b00000gr/T//ccKzWlx3.s:72     .text.BusFault_Handler:0000000000000000 $t
/var/folders/hf/1q98hq1x3fzgkd5ts8kwc2b00000gr/T//ccKzWlx3.s:77     .text.BusFault_Handler:0000000000000000 BusFault_Handler
/var/folders/hf/1q98hq1x3fzgkd5ts8kwc2b00000gr/T//ccKzWlx3.s:88     .text.UsageFault_Handler:0000000000000000 $t
/var/folders/hf/1q98hq1x3fzgkd5ts8kwc2b00000gr/T//ccKzWlx3.s:93     .text.UsageFault_Handler:0000000000000000 UsageFault_Handler
/var/folders/hf/1q98hq1x3fzgkd5ts8kwc2b00000gr/T//ccKzWlx3.s:104    .text.SVC_Handler:0000000000000000 $t
/var/folders/hf/1q98hq1x3fzgkd5ts8kwc2b00000gr/T//ccKzWlx3.s:109    .text.SVC_Handler:0000000000000000 SVC_Handler
/var/folders/hf/1q98hq1x3fzgkd5ts8kwc2b00000gr/T//ccKzWlx3.s:120    .text.DebugMon_Handler:0000000000000000 $t
/var/folders/hf/1q98hq1x3fzgkd5ts8kwc2b00000gr/T//ccKzWlx3.s:125    .text.DebugMon_Handler:0000000000000000 DebugMon_Handler
/var/folders/hf/1q98hq1x3fzgkd5ts8kwc2b00000gr/T//ccKzWlx3.s:136    .text.PendSV_Handler:0000000000000000 $t
/var/folders/hf/1q98hq1x3fzgkd5ts8kwc2b00000gr/T//ccKzWlx3.s:141    .text.PendSV_Handler:0000000000000000 PendSV_Handler
/var/folders/hf/1q98hq1x3fzgkd5ts8kwc2b00000gr/T//ccKzWlx3.s:152    .text.SysTick_Handler:0000000000000000 $t
/var/folders/hf/1q98hq1x3fzgkd5ts8kwc2b00000gr/T//ccKzWlx3.s:157    .text.SysTick_Handler:0000000000000000 SysTick_Handler
                            *COM*:0000000000000001 lv
/var/folders/hf/1q98hq1x3fzgkd5ts8kwc2b00000gr/T//ccKzWlx3.s:181    .debug_frame:0000000000000010 $d

NO UNDEFINED SYMBOLS
